{"__type":"$$EventMessageAudit","id":"63620051-dc88-44d0-b594-5022585ea208","ts":"2026-04-19T15:15:19.869-04:00","eventName":"n8n.audit.workflow.executed","message":"n8n.audit.workflow.executed","payload":{"userId":"4dd1a0ef-4a7e-4b51-9ef9-85be6f214fac","_email":"benbassou.hajar@gmail.com","_firstName":"hajar","_lastName":"benbassou","globalRole":"global:owner","workflowId":"vKe5coF7o7hhVZy1","workflowName":"My workflow","executionId":"17","source":"user-manual"}}
{"__type":"$$EventMessageConfirm","confirm":"63620051-dc88-44d0-b594-5022585ea208","ts":"2026-04-19T15:15:19.869-04:00","source":{"id":"0","name":"eventBus"}}
{"__type":"$$EventMessageWorkflow","id":"1c12fd06-1d65-4d72-b8e9-395608322998","ts":"2026-04-19T15:15:19.869-04:00","eventName":"n8n.workflow.started","message":"n8n.workflow.started","payload":{"executionId":"17","workflowId":"vKe5coF7o7hhVZy1","isManual":false,"mode":"manual","workflowName":"My workflow"}}
{"__type":"$$EventMessageConfirm","confirm":"1c12fd06-1d65-4d72-b8e9-395608322998","ts":"2026-04-19T15:15:19.869-04:00","source":{"id":"0","name":"eventBus"}}
{"__type":"$$EventMessageNode","id":"5ab76ac6-4823-4e9f-8aab-609667e32ae0","ts":"2026-04-19T15:15:19.875-04:00","eventName":"n8n.node.started","message":"n8n.node.started","payload":{"workflowId":"vKe5coF7o7hhVZy1","workflowName":"My workflow","executionId":"17","nodeType":"n8n-nodes-base.httpRequest","nodeName":"HTTP Request","nodeId":"b62a50da-803d-4904-8b8b-fa0d48951b9b"}}
{"__type":"$$EventMessageConfirm","confirm":"5ab76ac6-4823-4e9f-8aab-609667e32ae0","ts":"2026-04-19T15:15:19.875-04:00","source":{"id":"0","name":"eventBus"}}
{"__type":"$$EventMessageNode","id":"69ce9f1b-a0ad-4baa-8e4d-88cd7f5d133a","ts":"2026-04-19T15:15:19.927-04:00","eventName":"n8n.node.finished","message":"n8n.node.finished","payload":{"workflowId":"vKe5coF7o7hhVZy1","workflowName":"My workflow","executionId":"17","nodeType":"n8n-nodes-base.httpRequest","nodeName":"HTTP Request","nodeId":"b62a50da-803d-4904-8b8b-fa0d48951b9b"}}
{"__type":"$$EventMessageConfirm","confirm":"69ce9f1b-a0ad-4baa-8e4d-88cd7f5d133a","ts":"2026-04-19T15:15:19.927-04:00","source":{"id":"0","name":"eventBus"}}
{"__type":"$$EventMessageWorkflow","id":"4771ff15-7a83-4246-bdb8-2b8e2cc60fd0","ts":"2026-04-19T15:15:19.937-04:00","eventName":"n8n.workflow.failed","message":"n8n.workflow.failed","payload":{"userId":"4dd1a0ef-4a7e-4b51-9ef9-85be6f214fac","executionId":"17","success":false,"isManual":true,"mode":"manual","workflowId":"vKe5coF7o7hhVZy1","workflowName":"My workflow","lastNodeExecuted":"HTTP Request","errorNodeType":"n8n-nodes-base.httpRequest","errorMessage":"Your request is invalid or could not be processed by the service"}}
{"__type":"$$EventMessageConfirm","confirm":"4771ff15-7a83-4246-bdb8-2b8e2cc60fd0","ts":"2026-04-19T15:15:19.937-04:00","source":{"id":"0","name":"eventBus"}}
{"__type":"$$EventMessageAudit","id":"22efdaec-1b66-49e6-a0f1-bbcdb9e662d0","ts":"2026-04-19T15:16:57.381-04:00","eventName":"n8n.audit.workflow.updated","message":"n8n.audit.workflow.updated","payload":{"userId":"4dd1a0ef-4a7e-4b51-9ef9-85be6f214fac","_email":"benbassou.hajar@gmail.com","_firstName":"hajar","_lastName":"benbassou","globalRole":"global:owner","workflowId":"vKe5coF7o7hhVZy1","workflowName":"My workflow"}}
{"__type":"$$EventMessageConfirm","confirm":"22efdaec-1b66-49e6-a0f1-bbcdb9e662d0","ts":"2026-04-19T15:16:57.381-04:00","source":{"id":"0","name":"eventBus"}}
{"__type":"$$EventMessageAudit","id":"748ffc79-fc27-4c64-81a0-a2be10116e4b","ts":"2026-04-19T15:17:20.815-04:00","eventName":"n8n.audit.workflow.executed","message":"n8n.audit.workflow.executed","payload":{"userId":"4dd1a0ef-4a7e-4b51-9ef9-85be6f214fac","_email":"benbassou.hajar@gmail.com","_firstName":"hajar","_lastName":"benbassou","globalRole":"global:owner","workflowId":"vKe5coF7o7hhVZy1","workflowName":"My workflow","executionId":"18","source":"user-manual"}}
{"__type":"$$EventMessageConfirm","confirm":"748ffc79-fc27-4c64-81a0-a2be10116e4b","ts":"2026-04-19T15:17:20.815-04:00","source":{"id":"0","name":"eventBus"}}
{"__type":"$$EventMessageWorkflow","id":"09a242aa-bb44-4dac-afa5-c23058841185","ts":"2026-04-19T15:17:20.815-04:00","eventName":"n8n.workflow.started","message":"n8n.workflow.started","payload":{"executionId":"18","workflowId":"vKe5coF7o7hhVZy1","isManual":false,"mode":"manual","workflowName":"My workflow"}}
{"__type":"$$EventMessageConfirm","confirm":"09a242aa-bb44-4dac-afa5-c23058841185","ts":"2026-04-19T15:17:20.815-04:00","source":{"id":"0","name":"eventBus"}}
{"__type":"$$EventMessageNode","id":"32bad8a9-1323-4711-bf4a-38e4c07d809b","ts":"2026-04-19T15:17:20.822-04:00","eventName":"n8n.node.started","message":"n8n.node.started","payload":{"workflowId":"vKe5coF7o7hhVZy1","workflowName":"My workflow","executionId":"18","nodeType":"n8n-nodes-base.httpRequest","nodeName":"HTTP Request","nodeId":"b62a50da-803d-4904-8b8b-fa0d48951b9b"}}
{"__type":"$$EventMessageConfirm","confirm":"32bad8a9-1323-4711-bf4a-38e4c07d809b","ts":"2026-04-19T15:17:20.822-04:00","source":{"id":"0","name":"eventBus"}}
{"__type":"$$EventMessageNode","id":"67ca3aa4-118a-48f8-975e-26d230550582","ts":"2026-04-19T15:17:20.835-04:00","eventName":"n8n.node.finished","message":"n8n.node.finished","payload":{"workflowId":"vKe5coF7o7hhVZy1","workflowName":"My workflow","executionId":"18","nodeType":"n8n-nodes-base.httpRequest","nodeName":"HTTP Request","nodeId":"b62a50da-803d-4904-8b8b-fa0d48951b9b"}}
{"__type":"$$EventMessageConfirm","confirm":"67ca3aa4-118a-48f8-975e-26d230550582","ts":"2026-04-19T15:17:20.835-04:00","source":{"id":"0","name":"eventBus"}}
{"__type":"$$EventMessageWorkflow","id":"7b46f4fe-6645-4002-b426-904141c690ec","ts":"2026-04-19T15:17:20.839-04:00","eventName":"n8n.workflow.failed","message":"n8n.workflow.failed","payload":{"userId":"4dd1a0ef-4a7e-4b51-9ef9-85be6f214fac","executionId":"18","success":false,"isManual":true,"mode":"manual","workflowId":"vKe5coF7o7hhVZy1","workflowName":"My workflow","lastNodeExecuted":"HTTP Request","errorNodeType":"n8n-nodes-base.httpRequest","errorMessage":"Your request is invalid or could not be processed by the service"}}
{"__type":"$$EventMessageConfirm","confirm":"7b46f4fe-6645-4002-b426-904141c690ec","ts":"2026-04-19T15:17:20.840-04:00","source":{"id":"0","name":"eventBus"}}
{"__type":"$$EventMessageAudit","id":"d33683cb-c3d1-465c-a8d2-d4b3e1690785","ts":"2026-04-19T15:18:41.443-04:00","eventName":"n8n.audit.workflow.updated","message":"n8n.audit.workflow.updated","payload":{"userId":"4dd1a0ef-4a7e-4b51-9ef9-85be6f214fac","_email":"benbassou.hajar@gmail.com","_firstName":"hajar","_lastName":"benbassou","globalRole":"global:owner","workflowId":"vKe5coF7o7hhVZy1","workflowName":"My workflow"}}
{"__type":"$$EventMessageConfirm","confirm":"d33683cb-c3d1-465c-a8d2-d4b3e1690785","ts":"2026-04-19T15:18:41.443-04:00","source":{"id":"0","name":"eventBus"}}
{"__type":"$$EventMessageAudit","id":"b784b3fd-0ddb-40d8-b014-f8c5e30e7a84","ts":"2026-04-19T15:18:53.270-04:00","eventName":"n8n.audit.workflow.updated","message":"n8n.audit.workflow.updated","payload":{"userId":"4dd1a0ef-4a7e-4b51-9ef9-85be6f214fac","_email":"benbassou.hajar@gmail.com","_firstName":"hajar","_lastName":"benbassou","globalRole":"global:owner","workflowId":"vKe5coF7o7hhVZy1","workflowName":"My workflow"}}
{"__type":"$$EventMessageConfirm","confirm":"b784b3fd-0ddb-40d8-b014-f8c5e30e7a84","ts":"2026-04-19T15:18:53.270-04:00","source":{"id":"0","name":"eventBus"}}
{"__type":"$$EventMessageAudit","id":"b03d1bd7-111a-4eb6-8e8a-d3af2355eacf","ts":"2026-04-19T15:18:55.086-04:00","eventName":"n8n.audit.workflow.updated","message":"n8n.audit.workflow.updated","payload":{"userId":"4dd1a0ef-4a7e-4b51-9ef9-85be6f214fac","_email":"benbassou.hajar@gmail.com","_firstName":"hajar","_lastName":"benbassou","globalRole":"global:owner","workflowId":"vKe5coF7o7hhVZy1","workflowName":"My workflow"}}
{"__type":"$$EventMessageConfirm","confirm":"b03d1bd7-111a-4eb6-8e8a-d3af2355eacf","ts":"2026-04-19T15:18:55.086-04:00","source":{"id":"0","name":"eventBus"}}
{"__type":"$$EventMessageAudit","id":"7593cbad-9485-4d71-a405-67f9024859a6","ts":"2026-04-19T15:19:04.675-04:00","eventName":"n8n.audit.workflow.updated","message":"n8n.audit.workflow.updated","payload":{"userId":"4dd1a0ef-4a7e-4b51-9ef9-85be6f214fac","_email":"benbassou.hajar@gmail.com","_firstName":"hajar","_lastName":"benbassou","globalRole":"global:owner","workflowId":"vKe5coF7o7hhVZy1","workflowName":"My workflow"}}
{"__type":"$$EventMessageConfirm","confirm":"7593cbad-9485-4d71-a405-67f9024859a6","ts":"2026-04-19T15:19:04.675-04:00","source":{"id":"0","name":"eventBus"}}
{"__type":"$$EventMessageAudit","id":"5934a090-2907-4da9-ab8c-ff0711c01927","ts":"2026-04-19T15:19:08.641-04:00","eventName":"n8n.audit.workflow.updated","message":"n8n.audit.workflow.updated","payload":{"userId":"4dd1a0ef-4a7e-4b51-9ef9-85be6f214fac","_email":"benbassou.hajar@gmail.com","_firstName":"hajar","_lastName":"benbassou","globalRole":"global:owner","workflowId":"vKe5coF7o7hhVZy1","workflowName":"My workflow"}}
{"__type":"$$EventMessageConfirm","confirm":"5934a090-2907-4da9-ab8c-ff0711c01927","ts":"2026-04-19T15:19:08.641-04:00","source":{"id":"0","name":"eventBus"}}
{"__type":"$$EventMessageAudit","id":"e226cc9e-6c86-438e-a7e9-c6839e4a18bd","ts":"2026-04-19T15:19:33.220-04:00","eventName":"n8n.audit.workflow.executed","message":"n8n.audit.workflow.executed","payload":{"userId":"4dd1a0ef-4a7e-4b51-9ef9-85be6f214fac","_email":"benbassou.hajar@gmail.com","_firstName":"hajar","_lastName":"benbassou","globalRole":"global:owner","workflowId":"vKe5coF7o7hhVZy1","workflowName":"My workflow","executionId":"19","source":"user-manual"}}
{"__type":"$$EventMessageConfirm","confirm":"e226cc9e-6c86-438e-a7e9-c6839e4a18bd","ts":"2026-04-19T15:19:33.220-04:00","source":{"id":"0","name":"eventBus"}}
{"__type":"$$EventMessageWorkflow","id":"72351306-c74d-41b4-85f0-d6a6f8dbc444","ts":"2026-04-19T15:19:33.220-04:00","eventName":"n8n.workflow.started","message":"n8n.workflow.started","payload":{"executionId":"19","workflowId":"vKe5coF7o7hhVZy1","isManual":false,"mode":"manual","workflowName":"My workflow"}}
{"__type":"$$EventMessageConfirm","confirm":"72351306-c74d-41b4-85f0-d6a6f8dbc444","ts":"2026-04-19T15:19:33.220-04:00","source":{"id":"0","name":"eventBus"}}
{"__type":"$$EventMessageNode","id":"c99c92c6-c0ea-4881-86bf-f407e565b2fa","ts":"2026-04-19T15:19:33.224-04:00","eventName":"n8n.node.started","message":"n8n.node.started","payload":{"workflowId":"vKe5coF7o7hhVZy1","workflowName":"My workflow","executionId":"19","nodeType":"n8n-nodes-base.httpRequest","nodeName":"HTTP Request","nodeId":"b62a50da-803d-4904-8b8b-fa0d48951b9b"}}
{"__type":"$$EventMessageConfirm","confirm":"c99c92c6-c0ea-4881-86bf-f407e565b2fa","ts":"2026-04-19T15:19:33.224-04:00","source":{"id":"0","name":"eventBus"}}
{"__type":"$$EventMessageNode","id":"5f0dccbf-67bc-44dd-b401-08630a2c93b6","ts":"2026-04-19T15:19:41.335-04:00","eventName":"n8n.node.finished","message":"n8n.node.finished","payload":{"workflowId":"vKe5coF7o7hhVZy1","workflowName":"My workflow","executionId":"19","nodeType":"n8n-nodes-base.httpRequest","nodeName":"HTTP Request","nodeId":"b62a50da-803d-4904-8b8b-fa0d48951b9b"}}
{"__type":"$$EventMessageConfirm","confirm":"5f0dccbf-67bc-44dd-b401-08630a2c93b6","ts":"2026-04-19T15:19:41.336-04:00","source":{"id":"0","name":"eventBus"}}
{"__type":"$$EventMessageWorkflow","id":"757f2cb3-5ffd-4091-a2ab-9f71820eed3a","ts":"2026-04-19T15:19:41.342-04:00","eventName":"n8n.workflow.failed","message":"n8n.workflow.failed","payload":{"userId":"4dd1a0ef-4a7e-4b51-9ef9-85be6f214fac","executionId":"19","success":false,"isManual":true,"mode":"manual","workflowId":"vKe5coF7o7hhVZy1","workflowName":"My workflow","lastNodeExecuted":"HTTP Request","errorNodeType":"n8n-nodes-base.httpRequest","errorMessage":"The service was not able to process your request"}}
{"__type":"$$EventMessageConfirm","confirm":"757f2cb3-5ffd-4091-a2ab-9f71820eed3a","ts":"2026-04-19T15:19:41.342-04:00","source":{"id":"0","name":"eventBus"}}
{"__type":"$$EventMessageAudit","id":"b6593e32-6746-483a-a31b-883f7c4dd79e","ts":"2026-04-19T15:21:30.754-04:00","eventName":"n8n.audit.workflow.executed","message":"n8n.audit.workflow.executed","payload":{"userId":"4dd1a0ef-4a7e-4b51-9ef9-85be6f214fac","_email":"benbassou.hajar@gmail.com","_firstName":"hajar","_lastName":"benbassou","globalRole":"global:owner","workflowId":"vKe5coF7o7hhVZy1","workflowName":"My workflow","executionId":"20","source":"user-manual"}}
{"__type":"$$EventMessageConfirm","confirm":"b6593e32-6746-483a-a31b-883f7c4dd79e","ts":"2026-04-19T15:21:30.754-04:00","source":{"id":"0","name":"eventBus"}}
{"__type":"$$EventMessageWorkflow","id":"a1d80b6a-21ca-4704-8664-4fa9cedcb7be","ts":"2026-04-19T15:21:30.755-04:00","eventName":"n8n.workflow.started","message":"n8n.workflow.started","payload":{"executionId":"20","workflowId":"vKe5coF7o7hhVZy1","isManual":false,"mode":"manual","workflowName":"My workflow"}}
{"__type":"$$EventMessageConfirm","confirm":"a1d80b6a-21ca-4704-8664-4fa9cedcb7be","ts":"2026-04-19T15:21:30.755-04:00","source":{"id":"0","name":"eventBus"}}
{"__type":"$$EventMessageNode","id":"40fd008d-95d3-4b6b-a635-fc289a049374","ts":"2026-04-19T15:21:30.763-04:00","eventName":"n8n.node.started","message":"n8n.node.started","payload":{"workflowId":"vKe5coF7o7hhVZy1","workflowName":"My workflow","executionId":"20","nodeType":"n8n-nodes-base.httpRequest","nodeName":"HTTP Request","nodeId":"b62a50da-803d-4904-8b8b-fa0d48951b9b"}}
{"__type":"$$EventMessageConfirm","confirm":"40fd008d-95d3-4b6b-a635-fc289a049374","ts":"2026-04-19T15:21:30.763-04:00","source":{"id":"0","name":"eventBus"}}
{"__type":"$$EventMessageNode","id":"dd452175-206e-46e0-8a56-e27b68f8fd55","ts":"2026-04-19T15:21:55.751-04:00","eventName":"n8n.node.finished","message":"n8n.node.finished","payload":{"workflowId":"vKe5coF7o7hhVZy1","workflowName":"My workflow","executionId":"20","nodeType":"n8n-nodes-base.httpRequest","nodeName":"HTTP Request","nodeId":"b62a50da-803d-4904-8b8b-fa0d48951b9b"}}
{"__type":"$$EventMessageConfirm","confirm":"dd452175-206e-46e0-8a56-e27b68f8fd55","ts":"2026-04-19T15:21:55.756-04:00","source":{"id":"0","name":"eventBus"}}
{"__type":"$$EventMessageWorkflow","id":"a7e2213e-e53a-412a-9679-1064d07a4514","ts":"2026-04-19T15:21:55.775-04:00","eventName":"n8n.workflow.success","message":"n8n.workflow.success","payload":{"userId":"4dd1a0ef-4a7e-4b51-9ef9-85be6f214fac","executionId":"20","success":true,"isManual":true,"mode":"manual","workflowId":"vKe5coF7o7hhVZy1","workflowName":"My workflow"}}
{"__type":"$$EventMessageConfirm","confirm":"a7e2213e-e53a-412a-9679-1064d07a4514","ts":"2026-04-19T15:21:55.776-04:00","source":{"id":"0","name":"eventBus"}}
{"__type":"$$EventMessageAudit","id":"0492e57f-b016-45a4-aa4c-f9b6a231cc78","ts":"2026-04-19T15:22:43.356-04:00","eventName":"n8n.audit.workflow.executed","message":"n8n.audit.workflow.executed","payload":{"userId":"4dd1a0ef-4a7e-4b51-9ef9-85be6f214fac","_email":"benbassou.hajar@gmail.com","_firstName":"hajar","_lastName":"benbassou","globalRole":"global:owner","workflowId":"vKe5coF7o7hhVZy1","workflowName":"My workflow","executionId":"21","source":"user-manual"}}
{"__type":"$$EventMessageConfirm","confirm":"0492e57f-b016-45a4-aa4c-f9b6a231cc78","ts":"2026-04-19T15:22:43.356-04:00","source":{"id":"0","name":"eventBus"}}
{"__type":"$$EventMessageWorkflow","id":"efc7324c-51e1-40f4-ad4f-f09a03fc9006","ts":"2026-04-19T15:22:43.356-04:00","eventName":"n8n.workflow.started","message":"n8n.workflow.started","payload":{"executionId":"21","workflowId":"vKe5coF7o7hhVZy1","isManual":false,"mode":"manual","workflowName":"My workflow"}}
{"__type":"$$EventMessageConfirm","confirm":"efc7324c-51e1-40f4-ad4f-f09a03fc9006","ts":"2026-04-19T15:22:43.356-04:00","source":{"id":"0","name":"eventBus"}}
{"__type":"$$EventMessageNode","id":"7461fecf-974a-4965-89cc-d0a4a554cb38","ts":"2026-04-19T15:22:43.361-04:00","eventName":"n8n.node.started","message":"n8n.node.started","payload":{"workflowId":"vKe5coF7o7hhVZy1","workflowName":"My workflow","executionId":"21","nodeType":"n8n-nodes-base.if","nodeName":"If","nodeId":"befb8bb9-6788-4cef-ab44-e3af44bf3c8f"}}
{"__type":"$$EventMessageConfirm","confirm":"7461fecf-974a-4965-89cc-d0a4a554cb38","ts":"2026-04-19T15:22:43.362-04:00","source":{"id":"0","name":"eventBus"}}
{"__type":"$$EventMessageNode","id":"89ea7c2a-7a30-40fc-8215-c115867f4ffe","ts":"2026-04-19T15:22:43.372-04:00","eventName":"n8n.node.finished","message":"n8n.node.finished","payload":{"workflowId":"vKe5coF7o7hhVZy1","workflowName":"My workflow","executionId":"21","nodeType":"n8n-nodes-base.if","nodeName":"If","nodeId":"befb8bb9-6788-4cef-ab44-e3af44bf3c8f"}}
{"__type":"$$EventMessageConfirm","confirm":"89ea7c2a-7a30-40fc-8215-c115867f4ffe","ts":"2026-04-19T15:22:43.372-04:00","source":{"id":"0","name":"eventBus"}}
{"__type":"$$EventMessageWorkflow","id":"cf06ac61-64b1-4a72-9918-19beb86b36ac","ts":"2026-04-19T15:22:43.374-04:00","eventName":"n8n.workflow.success","message":"n8n.workflow.success","payload":{"userId":"4dd1a0ef-4a7e-4b51-9ef9-85be6f214fac","executionId":"21","success":true,"isManual":true,"mode":"manual","workflowId":"vKe5coF7o7hhVZy1","workflowName":"My workflow"}}
{"__type":"$$EventMessageConfirm","confirm":"cf06ac61-64b1-4a72-9918-19beb86b36ac","ts":"2026-04-19T15:22:43.374-04:00","source":{"id":"0","name":"eventBus"}}
{"__type":"$$EventMessageAudit","id":"f931a244-6496-4437-a6b1-ba252dd2caa1","ts":"2026-04-19T15:22:47.525-04:00","eventName":"n8n.audit.workflow.executed","message":"n8n.audit.workflow.executed","payload":{"userId":"4dd1a0ef-4a7e-4b51-9ef9-85be6f214fac","_email":"benbassou.hajar@gmail.com","_firstName":"hajar","_lastName":"benbassou","globalRole":"global:owner","workflowId":"vKe5coF7o7hhVZy1","workflowName":"My workflow","executionId":"22","source":"user-manual"}}
{"__type":"$$EventMessageConfirm","confirm":"f931a244-6496-4437-a6b1-ba252dd2caa1","ts":"2026-04-19T15:22:47.525-04:00","source":{"id":"0","name":"eventBus"}}
{"__type":"$$EventMessageWorkflow","id":"7b34dd40-f4e4-46a6-9ca3-b39a8ea9d0d2","ts":"2026-04-19T15:22:47.525-04:00","eventName":"n8n.workflow.started","message":"n8n.workflow.started","payload":{"executionId":"22","workflowId":"vKe5coF7o7hhVZy1","isManual":false,"mode":"manual","workflowName":"My workflow"}}
{"__type":"$$EventMessageConfirm","confirm":"7b34dd40-f4e4-46a6-9ca3-b39a8ea9d0d2","ts":"2026-04-19T15:22:47.525-04:00","source":{"id":"0","name":"eventBus"}}
{"__type":"$$EventMessageNode","id":"64473023-1b00-48d0-a24c-b08021b65f88","ts":"2026-04-19T15:22:47.530-04:00","eventName":"n8n.node.started","message":"n8n.node.started","payload":{"workflowId":"vKe5coF7o7hhVZy1","workflowName":"My workflow","executionId":"22","nodeType":"n8n-nodes-base.emailSend","nodeName":"Send an Email","nodeId":"514ceeb6-3913-4e4b-adef-d14d4efec2ac"}}
{"__type":"$$EventMessageConfirm","confirm":"64473023-1b00-48d0-a24c-b08021b65f88","ts":"2026-04-19T15:22:47.530-04:00","source":{"id":"0","name":"eventBus"}}
{"__type":"$$EventMessageNode","id":"f731eb41-be3f-411c-a704-9e6e3e8ccc7b","ts":"2026-04-19T15:22:49.926-04:00","eventName":"n8n.node.finished","message":"n8n.node.finished","payload":{"workflowId":"vKe5coF7o7hhVZy1","workflowName":"My workflow","executionId":"22","nodeType":"n8n-nodes-base.emailSend","nodeName":"Send an Email","nodeId":"514ceeb6-3913-4e4b-adef-d14d4efec2ac"}}
{"__type":"$$EventMessageConfirm","confirm":"f731eb41-be3f-411c-a704-9e6e3e8ccc7b","ts":"2026-04-19T15:22:49.926-04:00","source":{"id":"0","name":"eventBus"}}
{"__type":"$$EventMessageWorkflow","id":"1a1fefbd-b7af-4bf8-a9e7-fe73d161908c","ts":"2026-04-19T15:22:49.932-04:00","eventName":"n8n.workflow.success","message":"n8n.workflow.success","payload":{"userId":"4dd1a0ef-4a7e-4b51-9ef9-85be6f214fac","executionId":"22","success":true,"isManual":true,"mode":"manual","workflowId":"vKe5coF7o7hhVZy1","workflowName":"My workflow"}}
{"__type":"$$EventMessageConfirm","confirm":"1a1fefbd-b7af-4bf8-a9e7-fe73d161908c","ts":"2026-04-19T15:22:49.932-04:00","source":{"id":"0","name":"eventBus"}}
{"__type":"$$EventMessageAudit","id":"0cd4b93e-d72c-4766-b8fe-e052584c546b","ts":"2026-04-19T15:22:55.008-04:00","eventName":"n8n.audit.workflow.executed","message":"n8n.audit.workflow.executed","payload":{"userId":"4dd1a0ef-4a7e-4b51-9ef9-85be6f214fac","_email":"benbassou.hajar@gmail.com","_firstName":"hajar","_lastName":"benbassou","globalRole":"global:owner","workflowId":"vKe5coF7o7hhVZy1","workflowName":"My workflow","executionId":"23","source":"user-manual"}}
{"__type":"$$EventMessageConfirm","confirm":"0cd4b93e-d72c-4766-b8fe-e052584c546b","ts":"2026-04-19T15:22:55.008-04:00","source":{"id":"0","name":"eventBus"}}
{"__type":"$$EventMessageWorkflow","id":"670fb203-b2bd-4315-aaba-10b2e302b4a8","ts":"2026-04-19T15:22:55.008-04:00","eventName":"n8n.workflow.started","message":"n8n.workflow.started","payload":{"executionId":"23","workflowId":"vKe5coF7o7hhVZy1","isManual":false,"mode":"manual","workflowName":"My workflow"}}
{"__type":"$$EventMessageConfirm","confirm":"670fb203-b2bd-4315-aaba-10b2e302b4a8","ts":"2026-04-19T15:22:55.008-04:00","source":{"id":"0","name":"eventBus"}}
{"__type":"$$EventMessageNode","id":"8f9dfae7-5ee6-496d-b688-edc0d3d53128","ts":"2026-04-19T15:22:55.026-04:00","eventName":"n8n.node.started","message":"n8n.node.started","payload":{"workflowId":"vKe5coF7o7hhVZy1","workflowName":"My workflow","executionId":"23","nodeType":"n8n-nodes-base.notion","nodeName":"Create a database page","nodeId":"dcb69917-0ae4-4f9b-91e7-d1a32aa62a2e"}}
{"__type":"$$EventMessageConfirm","confirm":"8f9dfae7-5ee6-496d-b688-edc0d3d53128","ts":"2026-04-19T15:22:55.026-04:00","source":{"id":"0","name":"eventBus"}}
{"__type":"$$EventMessageNode","id":"c2435339-007f-4115-8b64-6c625b0b4276","ts":"2026-04-19T15:22:55.574-04:00","eventName":"n8n.node.finished","message":"n8n.node.finished","payload":{"workflowId":"vKe5coF7o7hhVZy1","workflowName":"My workflow","executionId":"23","nodeType":"n8n-nodes-base.notion","nodeName":"Create a database page","nodeId":"dcb69917-0ae4-4f9b-91e7-d1a32aa62a2e"}}
{"__type":"$$EventMessageConfirm","confirm":"c2435339-007f-4115-8b64-6c625b0b4276","ts":"2026-04-19T15:22:55.575-04:00","source":{"id":"0","name":"eventBus"}}
{"__type":"$$EventMessageWorkflow","id":"db5dd1d6-9e9c-4d9c-8453-d01b38a25e3e","ts":"2026-04-19T15:22:55.579-04:00","eventName":"n8n.workflow.failed","message":"n8n.workflow.failed","payload":{"userId":"4dd1a0ef-4a7e-4b51-9ef9-85be6f214fac","executionId":"23","success":false,"isManual":true,"mode":"manual","workflowId":"vKe5coF7o7hhVZy1","workflowName":"My workflow","lastNodeExecuted":"Create a database page","errorNodeType":"n8n-nodes-base.notion","errorMessage":"Bad request - please check your parameters"}}
{"__type":"$$EventMessageConfirm","confirm":"db5dd1d6-9e9c-4d9c-8453-d01b38a25e3e","ts":"2026-04-19T15:22:55.579-04:00","source":{"id":"0","name":"eventBus"}}
{"__type":"$$EventMessageAudit","id":"4c4cd153-1570-4010-88c4-7ff230bb98b6","ts":"2026-04-19T15:28:27.113-04:00","eventName":"n8n.audit.workflow.updated","message":"n8n.audit.workflow.updated","payload":{"userId":"4dd1a0ef-4a7e-4b51-9ef9-85be6f214fac","_email":"benbassou.hajar@gmail.com","_firstName":"hajar","_lastName":"benbassou","globalRole":"global:owner","workflowId":"vKe5coF7o7hhVZy1","workflowName":"My workflow"}}
{"__type":"$$EventMessageConfirm","confirm":"4c4cd153-1570-4010-88c4-7ff230bb98b6","ts":"2026-04-19T15:28:27.113-04:00","source":{"id":"0","name":"eventBus"}}
{"__type":"$$EventMessageWorkflow","id":"c9aac631-0146-4f3e-aac1-fe4e5c896c15","ts":"2026-04-19T15:28:28.378-04:00","eventName":"n8n.workflow.failed","message":"n8n.workflow.failed","payload":{"userId":"4dd1a0ef-4a7e-4b51-9ef9-85be6f214fac","executionId":"24","success":false,"isManual":true,"mode":"manual","workflowId":"vKe5coF7o7hhVZy1","workflowName":"My workflow","errorMessage":"The workflow has issues and cannot be executed for that reason. Please fix them first."}}
{"__type":"$$EventMessageConfirm","confirm":"c9aac631-0146-4f3e-aac1-fe4e5c896c15","ts":"2026-04-19T15:28:28.378-04:00","source":{"id":"0","name":"eventBus"}}
{"__type":"$$EventMessageAudit","id":"5b5c16a0-c9cf-413d-b076-d15b5180d601","ts":"2026-04-19T15:33:15.659-04:00","eventName":"n8n.audit.workflow.updated","message":"n8n.audit.workflow.updated","payload":{"userId":"4dd1a0ef-4a7e-4b51-9ef9-85be6f214fac","_email":"benbassou.hajar@gmail.com","_firstName":"hajar","_lastName":"benbassou","globalRole":"global:owner","workflowId":"vKe5coF7o7hhVZy1","workflowName":"My workflow"}}
{"__type":"$$EventMessageConfirm","confirm":"5b5c16a0-c9cf-413d-b076-d15b5180d601","ts":"2026-04-19T15:33:15.659-04:00","source":{"id":"0","name":"eventBus"}}
