{"__type":"$$EventMessageAudit","id":"eb60aacd-3e8e-41cf-b9e3-a90632cec5dd","ts":"2026-04-19T15:10:31.464-04:00","eventName":"n8n.audit.workflow.updated","message":"n8n.audit.workflow.updated","payload":{"userId":"4dd1a0ef-4a7e-4b51-9ef9-85be6f214fac","_email":"benbassou.hajar@gmail.com","_firstName":"hajar","_lastName":"benbassou","globalRole":"global:owner","workflowId":"vKe5coF7o7hhVZy1","workflowName":"My workflow"}}
{"__type":"$$EventMessageConfirm","confirm":"eb60aacd-3e8e-41cf-b9e3-a90632cec5dd","ts":"2026-04-19T15:10:31.464-04:00","source":{"id":"0","name":"eventBus"}}
{"__type":"$$EventMessageAudit","id":"4e6542e9-7909-4124-8b48-19ff1bcb7eec","ts":"2026-04-19T15:10:31.511-04:00","eventName":"n8n.audit.workflow.executed","message":"n8n.audit.workflow.executed","payload":{"userId":"4dd1a0ef-4a7e-4b51-9ef9-85be6f214fac","_email":"benbassou.hajar@gmail.com","_firstName":"hajar","_lastName":"benbassou","globalRole":"global:owner","workflowId":"vKe5coF7o7hhVZy1","workflowName":"My workflow","executionId":"13","source":"user-manual"}}
{"__type":"$$EventMessageConfirm","confirm":"4e6542e9-7909-4124-8b48-19ff1bcb7eec","ts":"2026-04-19T15:10:31.511-04:00","source":{"id":"0","name":"eventBus"}}
{"__type":"$$EventMessageWorkflow","id":"27456c8c-9e59-4939-91ed-e2c34f935af2","ts":"2026-04-19T15:10:31.511-04:00","eventName":"n8n.workflow.started","message":"n8n.workflow.started","payload":{"executionId":"13","workflowId":"vKe5coF7o7hhVZy1","isManual":false,"mode":"manual","workflowName":"My workflow"}}
{"__type":"$$EventMessageConfirm","confirm":"27456c8c-9e59-4939-91ed-e2c34f935af2","ts":"2026-04-19T15:10:31.511-04:00","source":{"id":"0","name":"eventBus"}}
{"__type":"$$EventMessageNode","id":"50afe2ba-9945-4bc6-a825-fd963156ee3f","ts":"2026-04-19T15:10:31.519-04:00","eventName":"n8n.node.started","message":"n8n.node.started","payload":{"workflowId":"vKe5coF7o7hhVZy1","workflowName":"My workflow","executionId":"13","nodeType":"n8n-nodes-base.httpRequest","nodeName":"HTTP Request","nodeId":"b62a50da-803d-4904-8b8b-fa0d48951b9b"}}
{"__type":"$$EventMessageConfirm","confirm":"50afe2ba-9945-4bc6-a825-fd963156ee3f","ts":"2026-04-19T15:10:31.520-04:00","source":{"id":"0","name":"eventBus"}}
{"__type":"$$EventMessageNode","id":"ac09dc21-5f00-4d05-b0e6-701a6584a424","ts":"2026-04-19T15:10:31.580-04:00","eventName":"n8n.node.finished","message":"n8n.node.finished","payload":{"workflowId":"vKe5coF7o7hhVZy1","workflowName":"My workflow","executionId":"13","nodeType":"n8n-nodes-base.httpRequest","nodeName":"HTTP Request","nodeId":"b62a50da-803d-4904-8b8b-fa0d48951b9b"}}
{"__type":"$$EventMessageConfirm","confirm":"ac09dc21-5f00-4d05-b0e6-701a6584a424","ts":"2026-04-19T15:10:31.580-04:00","source":{"id":"0","name":"eventBus"}}
{"__type":"$$EventMessageWorkflow","id":"2a186efa-de35-41f7-8cc1-a010f2e5bf12","ts":"2026-04-19T15:10:31.587-04:00","eventName":"n8n.workflow.failed","message":"n8n.workflow.failed","payload":{"userId":"4dd1a0ef-4a7e-4b51-9ef9-85be6f214fac","executionId":"13","success":false,"isManual":true,"mode":"manual","workflowId":"vKe5coF7o7hhVZy1","workflowName":"My workflow","lastNodeExecuted":"HTTP Request","errorNodeType":"n8n-nodes-base.httpRequest","errorMessage":"The service refused the connection - perhaps it is offline"}}
{"__type":"$$EventMessageConfirm","confirm":"2a186efa-de35-41f7-8cc1-a010f2e5bf12","ts":"2026-04-19T15:10:31.587-04:00","source":{"id":"0","name":"eventBus"}}
{"__type":"$$EventMessageAudit","id":"25b425e6-2850-493d-9465-acc539958fa8","ts":"2026-04-19T15:12:21.010-04:00","eventName":"n8n.audit.workflow.updated","message":"n8n.audit.workflow.updated","payload":{"userId":"4dd1a0ef-4a7e-4b51-9ef9-85be6f214fac","_email":"benbassou.hajar@gmail.com","_firstName":"hajar","_lastName":"benbassou","globalRole":"global:owner","workflowId":"vKe5coF7o7hhVZy1","workflowName":"My workflow"}}
{"__type":"$$EventMessageConfirm","confirm":"25b425e6-2850-493d-9465-acc539958fa8","ts":"2026-04-19T15:12:21.010-04:00","source":{"id":"0","name":"eventBus"}}
{"__type":"$$EventMessageAudit","id":"96fc1a12-84c4-42e2-8cc4-5518d76e82bc","ts":"2026-04-19T15:12:21.048-04:00","eventName":"n8n.audit.workflow.executed","message":"n8n.audit.workflow.executed","payload":{"userId":"4dd1a0ef-4a7e-4b51-9ef9-85be6f214fac","_email":"benbassou.hajar@gmail.com","_firstName":"hajar","_lastName":"benbassou","globalRole":"global:owner","workflowId":"vKe5coF7o7hhVZy1","workflowName":"My workflow","executionId":"14","source":"user-manual"}}
{"__type":"$$EventMessageConfirm","confirm":"96fc1a12-84c4-42e2-8cc4-5518d76e82bc","ts":"2026-04-19T15:12:21.049-04:00","source":{"id":"0","name":"eventBus"}}
{"__type":"$$EventMessageWorkflow","id":"3f87dc00-6a9b-4e5f-9b71-e81d81b6613d","ts":"2026-04-19T15:12:21.049-04:00","eventName":"n8n.workflow.started","message":"n8n.workflow.started","payload":{"executionId":"14","workflowId":"vKe5coF7o7hhVZy1","isManual":false,"mode":"manual","workflowName":"My workflow"}}
{"__type":"$$EventMessageConfirm","confirm":"3f87dc00-6a9b-4e5f-9b71-e81d81b6613d","ts":"2026-04-19T15:12:21.049-04:00","source":{"id":"0","name":"eventBus"}}
{"__type":"$$EventMessageNode","id":"ddd029f7-48b5-4bb7-8604-30bb882720bb","ts":"2026-04-19T15:12:21.056-04:00","eventName":"n8n.node.started","message":"n8n.node.started","payload":{"workflowId":"vKe5coF7o7hhVZy1","workflowName":"My workflow","executionId":"14","nodeType":"n8n-nodes-base.httpRequest","nodeName":"HTTP Request","nodeId":"b62a50da-803d-4904-8b8b-fa0d48951b9b"}}
{"__type":"$$EventMessageConfirm","confirm":"ddd029f7-48b5-4bb7-8604-30bb882720bb","ts":"2026-04-19T15:12:21.056-04:00","source":{"id":"0","name":"eventBus"}}
{"__type":"$$EventMessageNode","id":"4f1a6f0f-baa4-4fa6-8850-f60ce91c080f","ts":"2026-04-19T15:12:21.064-04:00","eventName":"n8n.node.finished","message":"n8n.node.finished","payload":{"workflowId":"vKe5coF7o7hhVZy1","workflowName":"My workflow","executionId":"14","nodeType":"n8n-nodes-base.httpRequest","nodeName":"HTTP Request","nodeId":"b62a50da-803d-4904-8b8b-fa0d48951b9b"}}
{"__type":"$$EventMessageConfirm","confirm":"4f1a6f0f-baa4-4fa6-8850-f60ce91c080f","ts":"2026-04-19T15:12:21.064-04:00","source":{"id":"0","name":"eventBus"}}
{"__type":"$$EventMessageWorkflow","id":"df993c2c-de9d-40b1-9ce9-987cd934cea5","ts":"2026-04-19T15:12:21.066-04:00","eventName":"n8n.workflow.failed","message":"n8n.workflow.failed","payload":{"userId":"4dd1a0ef-4a7e-4b51-9ef9-85be6f214fac","executionId":"14","success":false,"isManual":true,"mode":"manual","workflowId":"vKe5coF7o7hhVZy1","workflowName":"My workflow","lastNodeExecuted":"HTTP Request","errorNodeType":"n8n-nodes-base.httpRequest","errorMessage":"The service refused the connection - perhaps it is offline"}}
{"__type":"$$EventMessageConfirm","confirm":"df993c2c-de9d-40b1-9ce9-987cd934cea5","ts":"2026-04-19T15:12:21.066-04:00","source":{"id":"0","name":"eventBus"}}
{"__type":"$$EventMessageAudit","id":"60694098-d487-463e-92ef-3ae11f7df1ca","ts":"2026-04-19T15:12:21.147-04:00","eventName":"n8n.audit.workflow.updated","message":"n8n.audit.workflow.updated","payload":{"userId":"4dd1a0ef-4a7e-4b51-9ef9-85be6f214fac","_email":"benbassou.hajar@gmail.com","_firstName":"hajar","_lastName":"benbassou","globalRole":"global:owner","workflowId":"vKe5coF7o7hhVZy1","workflowName":"My workflow"}}
{"__type":"$$EventMessageConfirm","confirm":"60694098-d487-463e-92ef-3ae11f7df1ca","ts":"2026-04-19T15:12:21.147-04:00","source":{"id":"0","name":"eventBus"}}
{"__type":"$$EventMessageAudit","id":"b92335b5-8eb6-4bee-9ca5-86e2a47f6eba","ts":"2026-04-19T15:12:46.052-04:00","eventName":"n8n.audit.workflow.updated","message":"n8n.audit.workflow.updated","payload":{"userId":"4dd1a0ef-4a7e-4b51-9ef9-85be6f214fac","_email":"benbassou.hajar@gmail.com","_firstName":"hajar","_lastName":"benbassou","globalRole":"global:owner","workflowId":"vKe5coF7o7hhVZy1","workflowName":"My workflow"}}
{"__type":"$$EventMessageConfirm","confirm":"b92335b5-8eb6-4bee-9ca5-86e2a47f6eba","ts":"2026-04-19T15:12:46.053-04:00","source":{"id":"0","name":"eventBus"}}
{"__type":"$$EventMessageAudit","id":"dabab474-b24d-44a0-bb8b-81be7ff1686c","ts":"2026-04-19T15:12:46.078-04:00","eventName":"n8n.audit.workflow.executed","message":"n8n.audit.workflow.executed","payload":{"userId":"4dd1a0ef-4a7e-4b51-9ef9-85be6f214fac","_email":"benbassou.hajar@gmail.com","_firstName":"hajar","_lastName":"benbassou","globalRole":"global:owner","workflowId":"vKe5coF7o7hhVZy1","workflowName":"My workflow","executionId":"15","source":"user-manual"}}
{"__type":"$$EventMessageConfirm","confirm":"dabab474-b24d-44a0-bb8b-81be7ff1686c","ts":"2026-04-19T15:12:46.078-04:00","source":{"id":"0","name":"eventBus"}}
{"__type":"$$EventMessageWorkflow","id":"7a329a86-b6df-444c-ac4a-2ca6459811cd","ts":"2026-04-19T15:12:46.078-04:00","eventName":"n8n.workflow.started","message":"n8n.workflow.started","payload":{"executionId":"15","workflowId":"vKe5coF7o7hhVZy1","isManual":false,"mode":"manual","workflowName":"My workflow"}}
{"__type":"$$EventMessageConfirm","confirm":"7a329a86-b6df-444c-ac4a-2ca6459811cd","ts":"2026-04-19T15:12:46.078-04:00","source":{"id":"0","name":"eventBus"}}
{"__type":"$$EventMessageNode","id":"8fcac8c8-6a25-4558-ba36-b89d50b01ab5","ts":"2026-04-19T15:12:46.081-04:00","eventName":"n8n.node.started","message":"n8n.node.started","payload":{"workflowId":"vKe5coF7o7hhVZy1","workflowName":"My workflow","executionId":"15","nodeType":"n8n-nodes-base.httpRequest","nodeName":"HTTP Request","nodeId":"b62a50da-803d-4904-8b8b-fa0d48951b9b"}}
{"__type":"$$EventMessageConfirm","confirm":"8fcac8c8-6a25-4558-ba36-b89d50b01ab5","ts":"2026-04-19T15:12:46.081-04:00","source":{"id":"0","name":"eventBus"}}
{"__type":"$$EventMessageNode","id":"fdc155fe-1a66-46c1-a222-2cfac063d371","ts":"2026-04-19T15:12:46.105-04:00","eventName":"n8n.node.finished","message":"n8n.node.finished","payload":{"workflowId":"vKe5coF7o7hhVZy1","workflowName":"My workflow","executionId":"15","nodeType":"n8n-nodes-base.httpRequest","nodeName":"HTTP Request","nodeId":"b62a50da-803d-4904-8b8b-fa0d48951b9b"}}
{"__type":"$$EventMessageConfirm","confirm":"fdc155fe-1a66-46c1-a222-2cfac063d371","ts":"2026-04-19T15:12:46.105-04:00","source":{"id":"0","name":"eventBus"}}
{"__type":"$$EventMessageWorkflow","id":"4922a7de-019e-4c5f-ad32-fa1f823db4b8","ts":"2026-04-19T15:12:46.107-04:00","eventName":"n8n.workflow.failed","message":"n8n.workflow.failed","payload":{"userId":"4dd1a0ef-4a7e-4b51-9ef9-85be6f214fac","executionId":"15","success":false,"isManual":true,"mode":"manual","workflowId":"vKe5coF7o7hhVZy1","workflowName":"My workflow","lastNodeExecuted":"HTTP Request","errorNodeType":"n8n-nodes-base.httpRequest","errorMessage":"Your request is invalid or could not be processed by the service"}}
{"__type":"$$EventMessageConfirm","confirm":"4922a7de-019e-4c5f-ad32-fa1f823db4b8","ts":"2026-04-19T15:12:46.107-04:00","source":{"id":"0","name":"eventBus"}}
{"__type":"$$EventMessageAudit","id":"bf8cc0fb-0781-4c2d-9cb5-a0302e57aacb","ts":"2026-04-19T15:12:46.430-04:00","eventName":"n8n.audit.workflow.updated","message":"n8n.audit.workflow.updated","payload":{"userId":"4dd1a0ef-4a7e-4b51-9ef9-85be6f214fac","_email":"benbassou.hajar@gmail.com","_firstName":"hajar","_lastName":"benbassou","globalRole":"global:owner","workflowId":"vKe5coF7o7hhVZy1","workflowName":"My workflow"}}
{"__type":"$$EventMessageConfirm","confirm":"bf8cc0fb-0781-4c2d-9cb5-a0302e57aacb","ts":"2026-04-19T15:12:46.430-04:00","source":{"id":"0","name":"eventBus"}}
{"__type":"$$EventMessageAudit","id":"abbb86c1-b523-4248-93ba-015c5c799bf0","ts":"2026-04-19T15:13:02.003-04:00","eventName":"n8n.audit.workflow.executed","message":"n8n.audit.workflow.executed","payload":{"userId":"4dd1a0ef-4a7e-4b51-9ef9-85be6f214fac","_email":"benbassou.hajar@gmail.com","_firstName":"hajar","_lastName":"benbassou","globalRole":"global:owner","workflowId":"vKe5coF7o7hhVZy1","workflowName":"My workflow","executionId":"16","source":"user-manual"}}
{"__type":"$$EventMessageConfirm","confirm":"abbb86c1-b523-4248-93ba-015c5c799bf0","ts":"2026-04-19T15:13:02.003-04:00","source":{"id":"0","name":"eventBus"}}
{"__type":"$$EventMessageWorkflow","id":"04e9843c-63c7-4c6d-a2df-62364f3fbd0e","ts":"2026-04-19T15:13:02.003-04:00","eventName":"n8n.workflow.started","message":"n8n.workflow.started","payload":{"executionId":"16","workflowId":"vKe5coF7o7hhVZy1","isManual":false,"mode":"manual","workflowName":"My workflow"}}
{"__type":"$$EventMessageConfirm","confirm":"04e9843c-63c7-4c6d-a2df-62364f3fbd0e","ts":"2026-04-19T15:13:02.003-04:00","source":{"id":"0","name":"eventBus"}}
{"__type":"$$EventMessageNode","id":"5fb72b22-f2e0-4ba8-ac6f-dcaf38e1347b","ts":"2026-04-19T15:13:02.007-04:00","eventName":"n8n.node.started","message":"n8n.node.started","payload":{"workflowId":"vKe5coF7o7hhVZy1","workflowName":"My workflow","executionId":"16","nodeType":"n8n-nodes-base.httpRequest","nodeName":"HTTP Request","nodeId":"b62a50da-803d-4904-8b8b-fa0d48951b9b"}}
{"__type":"$$EventMessageConfirm","confirm":"5fb72b22-f2e0-4ba8-ac6f-dcaf38e1347b","ts":"2026-04-19T15:13:02.007-04:00","source":{"id":"0","name":"eventBus"}}
{"__type":"$$EventMessageNode","id":"1ea16386-addd-4dcd-bb7b-622dcc016820","ts":"2026-04-19T15:13:02.013-04:00","eventName":"n8n.node.finished","message":"n8n.node.finished","payload":{"workflowId":"vKe5coF7o7hhVZy1","workflowName":"My workflow","executionId":"16","nodeType":"n8n-nodes-base.httpRequest","nodeName":"HTTP Request","nodeId":"b62a50da-803d-4904-8b8b-fa0d48951b9b"}}
{"__type":"$$EventMessageConfirm","confirm":"1ea16386-addd-4dcd-bb7b-622dcc016820","ts":"2026-04-19T15:13:02.013-04:00","source":{"id":"0","name":"eventBus"}}
{"__type":"$$EventMessageWorkflow","id":"a8421a2f-d784-4c65-849c-b2093375542a","ts":"2026-04-19T15:13:02.016-04:00","eventName":"n8n.workflow.failed","message":"n8n.workflow.failed","payload":{"userId":"4dd1a0ef-4a7e-4b51-9ef9-85be6f214fac","executionId":"16","success":false,"isManual":true,"mode":"manual","workflowId":"vKe5coF7o7hhVZy1","workflowName":"My workflow","lastNodeExecuted":"HTTP Request","errorNodeType":"n8n-nodes-base.httpRequest","errorMessage":"Your request is invalid or could not be processed by the service"}}
{"__type":"$$EventMessageConfirm","confirm":"a8421a2f-d784-4c65-849c-b2093375542a","ts":"2026-04-19T15:13:02.016-04:00","source":{"id":"0","name":"eventBus"}}
