{"__type":"$$EventMessageAudit","id":"a2a73e12-5050-467d-a388-fed06a5f2a3f","ts":"2026-04-19T14:29:43.424+00:00","eventName":"n8n.audit.workflow.created","message":"n8n.audit.workflow.created","payload":{"userId":"4dd1a0ef-4a7e-4b51-9ef9-85be6f214fac","_email":"benbassou.hajar@gmail.com","_firstName":"hajar","_lastName":"benbassou","globalRole":"global:owner","workflowId":"vKe5coF7o7hhVZy1","workflowName":"My workflow"}}
{"__type":"$$EventMessageConfirm","confirm":"a2a73e12-5050-467d-a388-fed06a5f2a3f","ts":"2026-04-19T14:29:43.424+00:00","source":{"id":"0","name":"eventBus"}}
{"__type":"$$EventMessageAudit","id":"9c5f0253-a81b-4506-bf48-b76b96f8a401","ts":"2026-04-19T14:29:55.845+00:00","eventName":"n8n.audit.workflow.updated","message":"n8n.audit.workflow.updated","payload":{"userId":"4dd1a0ef-4a7e-4b51-9ef9-85be6f214fac","_email":"benbassou.hajar@gmail.com","_firstName":"hajar","_lastName":"benbassou","globalRole":"global:owner","workflowId":"vKe5coF7o7hhVZy1","workflowName":"My workflow"}}
{"__type":"$$EventMessageConfirm","confirm":"9c5f0253-a81b-4506-bf48-b76b96f8a401","ts":"2026-04-19T14:29:55.845+00:00","source":{"id":"0","name":"eventBus"}}
{"__type":"$$EventMessageAudit","id":"c5f3b0dc-f68f-476e-99aa-d2dade6087cf","ts":"2026-04-19T14:30:01.296+00:00","eventName":"n8n.audit.workflow.updated","message":"n8n.audit.workflow.updated","payload":{"userId":"4dd1a0ef-4a7e-4b51-9ef9-85be6f214fac","_email":"benbassou.hajar@gmail.com","_firstName":"hajar","_lastName":"benbassou","globalRole":"global:owner","workflowId":"vKe5coF7o7hhVZy1","workflowName":"My workflow"}}
{"__type":"$$EventMessageConfirm","confirm":"c5f3b0dc-f68f-476e-99aa-d2dade6087cf","ts":"2026-04-19T14:30:01.296+00:00","source":{"id":"0","name":"eventBus"}}
{"__type":"$$EventMessageAudit","id":"bfbeecf0-f669-474f-8632-fd25a289af64","ts":"2026-04-19T14:30:06.402+00:00","eventName":"n8n.audit.workflow.updated","message":"n8n.audit.workflow.updated","payload":{"userId":"4dd1a0ef-4a7e-4b51-9ef9-85be6f214fac","_email":"benbassou.hajar@gmail.com","_firstName":"hajar","_lastName":"benbassou","globalRole":"global:owner","workflowId":"vKe5coF7o7hhVZy1","workflowName":"My workflow"}}
{"__type":"$$EventMessageConfirm","confirm":"bfbeecf0-f669-474f-8632-fd25a289af64","ts":"2026-04-19T14:30:06.402+00:00","source":{"id":"0","name":"eventBus"}}
{"__type":"$$EventMessageAudit","id":"0a4c3b05-76ce-41d5-948b-e54d3d1ae265","ts":"2026-04-19T10:31:33.964-04:00","eventName":"n8n.audit.workflow.updated","message":"n8n.audit.workflow.updated","payload":{"userId":"4dd1a0ef-4a7e-4b51-9ef9-85be6f214fac","_email":"benbassou.hajar@gmail.com","_firstName":"hajar","_lastName":"benbassou","globalRole":"global:owner","workflowId":"vKe5coF7o7hhVZy1","workflowName":"My workflow"}}
{"__type":"$$EventMessageConfirm","confirm":"0a4c3b05-76ce-41d5-948b-e54d3d1ae265","ts":"2026-04-19T10:31:33.965-04:00","source":{"id":"0","name":"eventBus"}}
{"__type":"$$EventMessageAudit","id":"99c4d175-96ce-47fc-b783-e0b4252ef579","ts":"2026-04-19T10:31:36.929-04:00","eventName":"n8n.audit.workflow.updated","message":"n8n.audit.workflow.updated","payload":{"userId":"4dd1a0ef-4a7e-4b51-9ef9-85be6f214fac","_email":"benbassou.hajar@gmail.com","_firstName":"hajar","_lastName":"benbassou","globalRole":"global:owner","workflowId":"vKe5coF7o7hhVZy1","workflowName":"My workflow"}}
{"__type":"$$EventMessageConfirm","confirm":"99c4d175-96ce-47fc-b783-e0b4252ef579","ts":"2026-04-19T10:31:36.929-04:00","source":{"id":"0","name":"eventBus"}}
{"__type":"$$EventMessageAudit","id":"1fe51be7-1316-4c9a-afbb-abd8e530be4e","ts":"2026-04-19T10:31:44.938-04:00","eventName":"n8n.audit.workflow.updated","message":"n8n.audit.workflow.updated","payload":{"userId":"4dd1a0ef-4a7e-4b51-9ef9-85be6f214fac","_email":"benbassou.hajar@gmail.com","_firstName":"hajar","_lastName":"benbassou","globalRole":"global:owner","workflowId":"vKe5coF7o7hhVZy1","workflowName":"My workflow"}}
{"__type":"$$EventMessageConfirm","confirm":"1fe51be7-1316-4c9a-afbb-abd8e530be4e","ts":"2026-04-19T10:31:44.939-04:00","source":{"id":"0","name":"eventBus"}}
{"__type":"$$EventMessageAudit","id":"68b33db4-6116-40fc-909e-45e44926ce86","ts":"2026-04-19T10:31:52.349-04:00","eventName":"n8n.audit.workflow.updated","message":"n8n.audit.workflow.updated","payload":{"userId":"4dd1a0ef-4a7e-4b51-9ef9-85be6f214fac","_email":"benbassou.hajar@gmail.com","_firstName":"hajar","_lastName":"benbassou","globalRole":"global:owner","workflowId":"vKe5coF7o7hhVZy1","workflowName":"My workflow"}}
{"__type":"$$EventMessageConfirm","confirm":"68b33db4-6116-40fc-909e-45e44926ce86","ts":"2026-04-19T10:31:52.349-04:00","source":{"id":"0","name":"eventBus"}}
{"__type":"$$EventMessageAudit","id":"e4216107-1c08-4504-aa0d-3a6aab1d025b","ts":"2026-04-19T10:31:53.915-04:00","eventName":"n8n.audit.workflow.updated","message":"n8n.audit.workflow.updated","payload":{"userId":"4dd1a0ef-4a7e-4b51-9ef9-85be6f214fac","_email":"benbassou.hajar@gmail.com","_firstName":"hajar","_lastName":"benbassou","globalRole":"global:owner","workflowId":"vKe5coF7o7hhVZy1","workflowName":"My workflow"}}
{"__type":"$$EventMessageConfirm","confirm":"e4216107-1c08-4504-aa0d-3a6aab1d025b","ts":"2026-04-19T10:31:53.915-04:00","source":{"id":"0","name":"eventBus"}}
{"__type":"$$EventMessageAudit","id":"aa6d0351-0b87-4434-a537-48a596c879e2","ts":"2026-04-19T10:32:04.874-04:00","eventName":"n8n.audit.workflow.updated","message":"n8n.audit.workflow.updated","payload":{"userId":"4dd1a0ef-4a7e-4b51-9ef9-85be6f214fac","_email":"benbassou.hajar@gmail.com","_firstName":"hajar","_lastName":"benbassou","globalRole":"global:owner","workflowId":"vKe5coF7o7hhVZy1","workflowName":"My workflow"}}
{"__type":"$$EventMessageConfirm","confirm":"aa6d0351-0b87-4434-a537-48a596c879e2","ts":"2026-04-19T10:32:04.874-04:00","source":{"id":"0","name":"eventBus"}}
{"__type":"$$EventMessageAudit","id":"891baf20-0ced-4ba6-88b1-6226f19d5161","ts":"2026-04-19T10:32:06.896-04:00","eventName":"n8n.audit.workflow.updated","message":"n8n.audit.workflow.updated","payload":{"userId":"4dd1a0ef-4a7e-4b51-9ef9-85be6f214fac","_email":"benbassou.hajar@gmail.com","_firstName":"hajar","_lastName":"benbassou","globalRole":"global:owner","workflowId":"vKe5coF7o7hhVZy1","workflowName":"My workflow"}}
{"__type":"$$EventMessageConfirm","confirm":"891baf20-0ced-4ba6-88b1-6226f19d5161","ts":"2026-04-19T10:32:06.897-04:00","source":{"id":"0","name":"eventBus"}}
{"__type":"$$EventMessageAudit","id":"4720e1e3-1905-4422-9d61-ec9492df15b3","ts":"2026-04-19T10:32:14.129-04:00","eventName":"n8n.audit.workflow.updated","message":"n8n.audit.workflow.updated","payload":{"userId":"4dd1a0ef-4a7e-4b51-9ef9-85be6f214fac","_email":"benbassou.hajar@gmail.com","_firstName":"hajar","_lastName":"benbassou","globalRole":"global:owner","workflowId":"vKe5coF7o7hhVZy1","workflowName":"My workflow"}}
{"__type":"$$EventMessageConfirm","confirm":"4720e1e3-1905-4422-9d61-ec9492df15b3","ts":"2026-04-19T10:32:14.129-04:00","source":{"id":"0","name":"eventBus"}}
{"__type":"$$EventMessageAudit","id":"70574d1a-9bdf-4bbe-989f-0f075e9b0cd5","ts":"2026-04-19T10:32:17.530-04:00","eventName":"n8n.audit.workflow.updated","message":"n8n.audit.workflow.updated","payload":{"userId":"4dd1a0ef-4a7e-4b51-9ef9-85be6f214fac","_email":"benbassou.hajar@gmail.com","_firstName":"hajar","_lastName":"benbassou","globalRole":"global:owner","workflowId":"vKe5coF7o7hhVZy1","workflowName":"My workflow"}}
{"__type":"$$EventMessageConfirm","confirm":"70574d1a-9bdf-4bbe-989f-0f075e9b0cd5","ts":"2026-04-19T10:32:17.530-04:00","source":{"id":"0","name":"eventBus"}}
{"__type":"$$EventMessageAudit","id":"1b0044ba-2aa2-4af6-8e5d-c06d5a7d2a9b","ts":"2026-04-19T10:33:16.164-04:00","eventName":"n8n.audit.workflow.updated","message":"n8n.audit.workflow.updated","payload":{"userId":"4dd1a0ef-4a7e-4b51-9ef9-85be6f214fac","_email":"benbassou.hajar@gmail.com","_firstName":"hajar","_lastName":"benbassou","globalRole":"global:owner","workflowId":"vKe5coF7o7hhVZy1","workflowName":"My workflow"}}
{"__type":"$$EventMessageConfirm","confirm":"1b0044ba-2aa2-4af6-8e5d-c06d5a7d2a9b","ts":"2026-04-19T10:33:16.164-04:00","source":{"id":"0","name":"eventBus"}}
{"__type":"$$EventMessageAudit","id":"a3fb803d-fba1-4bf8-9d42-fc2dd739abf1","ts":"2026-04-19T10:33:26.484-04:00","eventName":"n8n.audit.workflow.updated","message":"n8n.audit.workflow.updated","payload":{"userId":"4dd1a0ef-4a7e-4b51-9ef9-85be6f214fac","_email":"benbassou.hajar@gmail.com","_firstName":"hajar","_lastName":"benbassou","globalRole":"global:owner","workflowId":"vKe5coF7o7hhVZy1","workflowName":"My workflow"}}
{"__type":"$$EventMessageConfirm","confirm":"a3fb803d-fba1-4bf8-9d42-fc2dd739abf1","ts":"2026-04-19T10:33:26.484-04:00","source":{"id":"0","name":"eventBus"}}
{"__type":"$$EventMessageAudit","id":"ac908145-2edc-48ea-97cd-b68a0e480a2a","ts":"2026-04-19T10:33:28.036-04:00","eventName":"n8n.audit.workflow.updated","message":"n8n.audit.workflow.updated","payload":{"userId":"4dd1a0ef-4a7e-4b51-9ef9-85be6f214fac","_email":"benbassou.hajar@gmail.com","_firstName":"hajar","_lastName":"benbassou","globalRole":"global:owner","workflowId":"vKe5coF7o7hhVZy1","workflowName":"My workflow"}}
{"__type":"$$EventMessageConfirm","confirm":"ac908145-2edc-48ea-97cd-b68a0e480a2a","ts":"2026-04-19T10:33:28.037-04:00","source":{"id":"0","name":"eventBus"}}
{"__type":"$$EventMessageAudit","id":"7374583f-99f1-40da-86cd-1d490c17cbf6","ts":"2026-04-19T10:33:38.711-04:00","eventName":"n8n.audit.workflow.updated","message":"n8n.audit.workflow.updated","payload":{"userId":"4dd1a0ef-4a7e-4b51-9ef9-85be6f214fac","_email":"benbassou.hajar@gmail.com","_firstName":"hajar","_lastName":"benbassou","globalRole":"global:owner","workflowId":"vKe5coF7o7hhVZy1","workflowName":"My workflow"}}
{"__type":"$$EventMessageConfirm","confirm":"7374583f-99f1-40da-86cd-1d490c17cbf6","ts":"2026-04-19T10:33:38.711-04:00","source":{"id":"0","name":"eventBus"}}
{"__type":"$$EventMessageAudit","id":"3b3971fa-1790-4d9d-b804-23d519787dcc","ts":"2026-04-19T10:33:40.415-04:00","eventName":"n8n.audit.workflow.updated","message":"n8n.audit.workflow.updated","payload":{"userId":"4dd1a0ef-4a7e-4b51-9ef9-85be6f214fac","_email":"benbassou.hajar@gmail.com","_firstName":"hajar","_lastName":"benbassou","globalRole":"global:owner","workflowId":"vKe5coF7o7hhVZy1","workflowName":"My workflow"}}
{"__type":"$$EventMessageConfirm","confirm":"3b3971fa-1790-4d9d-b804-23d519787dcc","ts":"2026-04-19T10:33:40.415-04:00","source":{"id":"0","name":"eventBus"}}
{"__type":"$$EventMessageAudit","id":"8c906121-8c17-448e-9e19-aeeb1a45d91f","ts":"2026-04-19T10:33:42.248-04:00","eventName":"n8n.audit.workflow.updated","message":"n8n.audit.workflow.updated","payload":{"userId":"4dd1a0ef-4a7e-4b51-9ef9-85be6f214fac","_email":"benbassou.hajar@gmail.com","_firstName":"hajar","_lastName":"benbassou","globalRole":"global:owner","workflowId":"vKe5coF7o7hhVZy1","workflowName":"My workflow"}}
{"__type":"$$EventMessageConfirm","confirm":"8c906121-8c17-448e-9e19-aeeb1a45d91f","ts":"2026-04-19T10:33:42.248-04:00","source":{"id":"0","name":"eventBus"}}
{"__type":"$$EventMessageAudit","id":"aca15baa-acaf-41d6-b3d0-48b9ff4e90d4","ts":"2026-04-19T10:33:44.552-04:00","eventName":"n8n.audit.workflow.updated","message":"n8n.audit.workflow.updated","payload":{"userId":"4dd1a0ef-4a7e-4b51-9ef9-85be6f214fac","_email":"benbassou.hajar@gmail.com","_firstName":"hajar","_lastName":"benbassou","globalRole":"global:owner","workflowId":"vKe5coF7o7hhVZy1","workflowName":"My workflow"}}
{"__type":"$$EventMessageConfirm","confirm":"aca15baa-acaf-41d6-b3d0-48b9ff4e90d4","ts":"2026-04-19T10:33:44.552-04:00","source":{"id":"0","name":"eventBus"}}
{"__type":"$$EventMessageAudit","id":"85f7826e-d9bb-4e83-b66a-6cf21bd50447","ts":"2026-04-19T10:33:46.971-04:00","eventName":"n8n.audit.workflow.updated","message":"n8n.audit.workflow.updated","payload":{"userId":"4dd1a0ef-4a7e-4b51-9ef9-85be6f214fac","_email":"benbassou.hajar@gmail.com","_firstName":"hajar","_lastName":"benbassou","globalRole":"global:owner","workflowId":"vKe5coF7o7hhVZy1","workflowName":"My workflow"}}
{"__type":"$$EventMessageConfirm","confirm":"85f7826e-d9bb-4e83-b66a-6cf21bd50447","ts":"2026-04-19T10:33:46.971-04:00","source":{"id":"0","name":"eventBus"}}
{"__type":"$$EventMessageAudit","id":"e4b12d9d-77a8-419b-b699-37e5f535e069","ts":"2026-04-19T10:33:48.987-04:00","eventName":"n8n.audit.workflow.updated","message":"n8n.audit.workflow.updated","payload":{"userId":"4dd1a0ef-4a7e-4b51-9ef9-85be6f214fac","_email":"benbassou.hajar@gmail.com","_firstName":"hajar","_lastName":"benbassou","globalRole":"global:owner","workflowId":"vKe5coF7o7hhVZy1","workflowName":"My workflow"}}
{"__type":"$$EventMessageConfirm","confirm":"e4b12d9d-77a8-419b-b699-37e5f535e069","ts":"2026-04-19T10:33:48.987-04:00","source":{"id":"0","name":"eventBus"}}
{"__type":"$$EventMessageAudit","id":"b4c4edaf-43ff-4018-9f80-c2e932ec0371","ts":"2026-04-19T10:33:57.933-04:00","eventName":"n8n.audit.workflow.updated","message":"n8n.audit.workflow.updated","payload":{"userId":"4dd1a0ef-4a7e-4b51-9ef9-85be6f214fac","_email":"benbassou.hajar@gmail.com","_firstName":"hajar","_lastName":"benbassou","globalRole":"global:owner","workflowId":"vKe5coF7o7hhVZy1","workflowName":"My workflow"}}
{"__type":"$$EventMessageConfirm","confirm":"b4c4edaf-43ff-4018-9f80-c2e932ec0371","ts":"2026-04-19T10:33:57.933-04:00","source":{"id":"0","name":"eventBus"}}
{"__type":"$$EventMessageAudit","id":"ad726031-d1ba-42b7-a69e-3879c3b5511a","ts":"2026-04-19T10:34:03.026-04:00","eventName":"n8n.audit.workflow.updated","message":"n8n.audit.workflow.updated","payload":{"userId":"4dd1a0ef-4a7e-4b51-9ef9-85be6f214fac","_email":"benbassou.hajar@gmail.com","_firstName":"hajar","_lastName":"benbassou","globalRole":"global:owner","workflowId":"vKe5coF7o7hhVZy1","workflowName":"My workflow"}}
{"__type":"$$EventMessageConfirm","confirm":"ad726031-d1ba-42b7-a69e-3879c3b5511a","ts":"2026-04-19T10:34:03.027-04:00","source":{"id":"0","name":"eventBus"}}
{"__type":"$$EventMessageAudit","id":"2681a249-3e6b-4c40-bfa5-a3d6c75ef054","ts":"2026-04-19T10:34:20.071-04:00","eventName":"n8n.audit.workflow.updated","message":"n8n.audit.workflow.updated","payload":{"userId":"4dd1a0ef-4a7e-4b51-9ef9-85be6f214fac","_email":"benbassou.hajar@gmail.com","_firstName":"hajar","_lastName":"benbassou","globalRole":"global:owner","workflowId":"vKe5coF7o7hhVZy1","workflowName":"My workflow"}}
{"__type":"$$EventMessageConfirm","confirm":"2681a249-3e6b-4c40-bfa5-a3d6c75ef054","ts":"2026-04-19T10:34:20.071-04:00","source":{"id":"0","name":"eventBus"}}
{"__type":"$$EventMessageAudit","id":"d12dc973-3730-4980-a047-bede6dffd476","ts":"2026-04-19T10:34:26.019-04:00","eventName":"n8n.audit.workflow.updated","message":"n8n.audit.workflow.updated","payload":{"userId":"4dd1a0ef-4a7e-4b51-9ef9-85be6f214fac","_email":"benbassou.hajar@gmail.com","_firstName":"hajar","_lastName":"benbassou","globalRole":"global:owner","workflowId":"vKe5coF7o7hhVZy1","workflowName":"My workflow"}}
{"__type":"$$EventMessageConfirm","confirm":"d12dc973-3730-4980-a047-bede6dffd476","ts":"2026-04-19T10:34:26.019-04:00","source":{"id":"0","name":"eventBus"}}
{"__type":"$$EventMessageAudit","id":"eb96e241-0672-49b5-aee9-3935def09102","ts":"2026-04-19T10:35:18.250-04:00","eventName":"n8n.audit.workflow.updated","message":"n8n.audit.workflow.updated","payload":{"userId":"4dd1a0ef-4a7e-4b51-9ef9-85be6f214fac","_email":"benbassou.hajar@gmail.com","_firstName":"hajar","_lastName":"benbassou","globalRole":"global:owner","workflowId":"vKe5coF7o7hhVZy1","workflowName":"My workflow"}}
{"__type":"$$EventMessageConfirm","confirm":"eb96e241-0672-49b5-aee9-3935def09102","ts":"2026-04-19T10:35:18.250-04:00","source":{"id":"0","name":"eventBus"}}
{"__type":"$$EventMessageAudit","id":"a6c5e47b-3717-4689-9bfc-18210e14534b","ts":"2026-04-19T10:35:30.371-04:00","eventName":"n8n.audit.workflow.updated","message":"n8n.audit.workflow.updated","payload":{"userId":"4dd1a0ef-4a7e-4b51-9ef9-85be6f214fac","_email":"benbassou.hajar@gmail.com","_firstName":"hajar","_lastName":"benbassou","globalRole":"global:owner","workflowId":"vKe5coF7o7hhVZy1","workflowName":"My workflow"}}
{"__type":"$$EventMessageConfirm","confirm":"a6c5e47b-3717-4689-9bfc-18210e14534b","ts":"2026-04-19T10:35:30.371-04:00","source":{"id":"0","name":"eventBus"}}
{"__type":"$$EventMessageAudit","id":"0fafabf9-0cc0-4a16-a4f1-3e2e1c9bff17","ts":"2026-04-19T10:35:42.725-04:00","eventName":"n8n.audit.workflow.updated","message":"n8n.audit.workflow.updated","payload":{"userId":"4dd1a0ef-4a7e-4b51-9ef9-85be6f214fac","_email":"benbassou.hajar@gmail.com","_firstName":"hajar","_lastName":"benbassou","globalRole":"global:owner","workflowId":"vKe5coF7o7hhVZy1","workflowName":"My workflow"}}
{"__type":"$$EventMessageConfirm","confirm":"0fafabf9-0cc0-4a16-a4f1-3e2e1c9bff17","ts":"2026-04-19T10:35:42.725-04:00","source":{"id":"0","name":"eventBus"}}
{"__type":"$$EventMessageAudit","id":"4b96de1b-70dd-4b0f-919b-5f1a160dc87a","ts":"2026-04-19T10:35:50.452-04:00","eventName":"n8n.audit.workflow.updated","message":"n8n.audit.workflow.updated","payload":{"userId":"4dd1a0ef-4a7e-4b51-9ef9-85be6f214fac","_email":"benbassou.hajar@gmail.com","_firstName":"hajar","_lastName":"benbassou","globalRole":"global:owner","workflowId":"vKe5coF7o7hhVZy1","workflowName":"My workflow"}}
{"__type":"$$EventMessageConfirm","confirm":"4b96de1b-70dd-4b0f-919b-5f1a160dc87a","ts":"2026-04-19T10:35:50.453-04:00","source":{"id":"0","name":"eventBus"}}
{"__type":"$$EventMessageAudit","id":"7a14b925-ab97-4e09-abcf-95191450c790","ts":"2026-04-19T10:35:56.025-04:00","eventName":"n8n.audit.workflow.updated","message":"n8n.audit.workflow.updated","payload":{"userId":"4dd1a0ef-4a7e-4b51-9ef9-85be6f214fac","_email":"benbassou.hajar@gmail.com","_firstName":"hajar","_lastName":"benbassou","globalRole":"global:owner","workflowId":"vKe5coF7o7hhVZy1","workflowName":"My workflow"}}
{"__type":"$$EventMessageConfirm","confirm":"7a14b925-ab97-4e09-abcf-95191450c790","ts":"2026-04-19T10:35:56.025-04:00","source":{"id":"0","name":"eventBus"}}
{"__type":"$$EventMessageAudit","id":"ae517acc-70d9-4a6b-b70a-fed3d2bbb6e7","ts":"2026-04-19T10:35:59.729-04:00","eventName":"n8n.audit.workflow.updated","message":"n8n.audit.workflow.updated","payload":{"userId":"4dd1a0ef-4a7e-4b51-9ef9-85be6f214fac","_email":"benbassou.hajar@gmail.com","_firstName":"hajar","_lastName":"benbassou","globalRole":"global:owner","workflowId":"vKe5coF7o7hhVZy1","workflowName":"My workflow"}}
{"__type":"$$EventMessageConfirm","confirm":"ae517acc-70d9-4a6b-b70a-fed3d2bbb6e7","ts":"2026-04-19T10:35:59.729-04:00","source":{"id":"0","name":"eventBus"}}
{"__type":"$$EventMessageAudit","id":"36724e81-0c9a-46c2-b397-2d223d9039b0","ts":"2026-04-19T10:38:08.311-04:00","eventName":"n8n.audit.workflow.updated","message":"n8n.audit.workflow.updated","payload":{"userId":"4dd1a0ef-4a7e-4b51-9ef9-85be6f214fac","_email":"benbassou.hajar@gmail.com","_firstName":"hajar","_lastName":"benbassou","globalRole":"global:owner","workflowId":"vKe5coF7o7hhVZy1","workflowName":"My workflow"}}
{"__type":"$$EventMessageConfirm","confirm":"36724e81-0c9a-46c2-b397-2d223d9039b0","ts":"2026-04-19T10:38:08.311-04:00","source":{"id":"0","name":"eventBus"}}
{"__type":"$$EventMessageAudit","id":"d75ce9bd-592e-4ec4-90ca-ec53a3fd4a6b","ts":"2026-04-19T10:38:12.941-04:00","eventName":"n8n.audit.workflow.updated","message":"n8n.audit.workflow.updated","payload":{"userId":"4dd1a0ef-4a7e-4b51-9ef9-85be6f214fac","_email":"benbassou.hajar@gmail.com","_firstName":"hajar","_lastName":"benbassou","globalRole":"global:owner","workflowId":"vKe5coF7o7hhVZy1","workflowName":"My workflow"}}
{"__type":"$$EventMessageConfirm","confirm":"d75ce9bd-592e-4ec4-90ca-ec53a3fd4a6b","ts":"2026-04-19T10:38:12.942-04:00","source":{"id":"0","name":"eventBus"}}
{"__type":"$$EventMessageAudit","id":"6083f8e8-7d53-4dec-990e-a3b51d027ef4","ts":"2026-04-19T10:41:04.755-04:00","eventName":"n8n.audit.workflow.updated","message":"n8n.audit.workflow.updated","payload":{"userId":"4dd1a0ef-4a7e-4b51-9ef9-85be6f214fac","_email":"benbassou.hajar@gmail.com","_firstName":"hajar","_lastName":"benbassou","globalRole":"global:owner","workflowId":"vKe5coF7o7hhVZy1","workflowName":"My workflow"}}
{"__type":"$$EventMessageConfirm","confirm":"6083f8e8-7d53-4dec-990e-a3b51d027ef4","ts":"2026-04-19T10:41:04.755-04:00","source":{"id":"0","name":"eventBus"}}
{"__type":"$$EventMessageAudit","id":"790aacdb-594a-41cc-941c-bd1af2af4850","ts":"2026-04-19T10:41:23.203-04:00","eventName":"n8n.audit.workflow.updated","message":"n8n.audit.workflow.updated","payload":{"userId":"4dd1a0ef-4a7e-4b51-9ef9-85be6f214fac","_email":"benbassou.hajar@gmail.com","_firstName":"hajar","_lastName":"benbassou","globalRole":"global:owner","workflowId":"vKe5coF7o7hhVZy1","workflowName":"My workflow"}}
{"__type":"$$EventMessageConfirm","confirm":"790aacdb-594a-41cc-941c-bd1af2af4850","ts":"2026-04-19T10:41:23.203-04:00","source":{"id":"0","name":"eventBus"}}
{"__type":"$$EventMessageAudit","id":"c4024b4d-c427-4055-a6c5-37ab41f9a64f","ts":"2026-04-19T10:41:31.581-04:00","eventName":"n8n.audit.workflow.updated","message":"n8n.audit.workflow.updated","payload":{"userId":"4dd1a0ef-4a7e-4b51-9ef9-85be6f214fac","_email":"benbassou.hajar@gmail.com","_firstName":"hajar","_lastName":"benbassou","globalRole":"global:owner","workflowId":"vKe5coF7o7hhVZy1","workflowName":"My workflow"}}
{"__type":"$$EventMessageConfirm","confirm":"c4024b4d-c427-4055-a6c5-37ab41f9a64f","ts":"2026-04-19T10:41:31.581-04:00","source":{"id":"0","name":"eventBus"}}
{"__type":"$$EventMessageAudit","id":"0c5a73d1-5bfe-4b5b-b263-eedf996feef1","ts":"2026-04-19T10:41:38.888-04:00","eventName":"n8n.audit.workflow.updated","message":"n8n.audit.workflow.updated","payload":{"userId":"4dd1a0ef-4a7e-4b51-9ef9-85be6f214fac","_email":"benbassou.hajar@gmail.com","_firstName":"hajar","_lastName":"benbassou","globalRole":"global:owner","workflowId":"vKe5coF7o7hhVZy1","workflowName":"My workflow"}}
{"__type":"$$EventMessageConfirm","confirm":"0c5a73d1-5bfe-4b5b-b263-eedf996feef1","ts":"2026-04-19T10:41:38.888-04:00","source":{"id":"0","name":"eventBus"}}
{"__type":"$$EventMessageAudit","id":"7f1dc29d-c3e1-4acd-8ebb-ada304184a16","ts":"2026-04-19T10:42:03.930-04:00","eventName":"n8n.audit.workflow.updated","message":"n8n.audit.workflow.updated","payload":{"userId":"4dd1a0ef-4a7e-4b51-9ef9-85be6f214fac","_email":"benbassou.hajar@gmail.com","_firstName":"hajar","_lastName":"benbassou","globalRole":"global:owner","workflowId":"vKe5coF7o7hhVZy1","workflowName":"My workflow"}}
{"__type":"$$EventMessageConfirm","confirm":"7f1dc29d-c3e1-4acd-8ebb-ada304184a16","ts":"2026-04-19T10:42:03.931-04:00","source":{"id":"0","name":"eventBus"}}
{"__type":"$$EventMessageAudit","id":"24459c67-0073-4a5f-b3d9-fc64bbe18d46","ts":"2026-04-19T10:42:18.354-04:00","eventName":"n8n.audit.workflow.updated","message":"n8n.audit.workflow.updated","payload":{"userId":"4dd1a0ef-4a7e-4b51-9ef9-85be6f214fac","_email":"benbassou.hajar@gmail.com","_firstName":"hajar","_lastName":"benbassou","globalRole":"global:owner","workflowId":"vKe5coF7o7hhVZy1","workflowName":"My workflow"}}
{"__type":"$$EventMessageConfirm","confirm":"24459c67-0073-4a5f-b3d9-fc64bbe18d46","ts":"2026-04-19T10:42:18.355-04:00","source":{"id":"0","name":"eventBus"}}
{"__type":"$$EventMessageAudit","id":"80f629c3-48d9-4fb9-9291-5c72fca9ca38","ts":"2026-04-19T10:42:20.013-04:00","eventName":"n8n.audit.workflow.updated","message":"n8n.audit.workflow.updated","payload":{"userId":"4dd1a0ef-4a7e-4b51-9ef9-85be6f214fac","_email":"benbassou.hajar@gmail.com","_firstName":"hajar","_lastName":"benbassou","globalRole":"global:owner","workflowId":"vKe5coF7o7hhVZy1","workflowName":"My workflow"}}
{"__type":"$$EventMessageConfirm","confirm":"80f629c3-48d9-4fb9-9291-5c72fca9ca38","ts":"2026-04-19T10:42:20.013-04:00","source":{"id":"0","name":"eventBus"}}
{"__type":"$$EventMessageAudit","id":"aaebcd6e-9757-4380-a3a4-ff2879fb1e5a","ts":"2026-04-19T10:45:09.221-04:00","eventName":"n8n.audit.workflow.updated","message":"n8n.audit.workflow.updated","payload":{"userId":"4dd1a0ef-4a7e-4b51-9ef9-85be6f214fac","_email":"benbassou.hajar@gmail.com","_firstName":"hajar","_lastName":"benbassou","globalRole":"global:owner","workflowId":"vKe5coF7o7hhVZy1","workflowName":"My workflow"}}
{"__type":"$$EventMessageConfirm","confirm":"aaebcd6e-9757-4380-a3a4-ff2879fb1e5a","ts":"2026-04-19T10:45:09.221-04:00","source":{"id":"0","name":"eventBus"}}
{"__type":"$$EventMessageAudit","id":"783ae795-d9da-46ee-b258-a8a226128374","ts":"2026-04-19T10:45:30.657-04:00","eventName":"n8n.audit.workflow.updated","message":"n8n.audit.workflow.updated","payload":{"userId":"4dd1a0ef-4a7e-4b51-9ef9-85be6f214fac","_email":"benbassou.hajar@gmail.com","_firstName":"hajar","_lastName":"benbassou","globalRole":"global:owner","workflowId":"vKe5coF7o7hhVZy1","workflowName":"My workflow"}}
{"__type":"$$EventMessageConfirm","confirm":"783ae795-d9da-46ee-b258-a8a226128374","ts":"2026-04-19T10:45:30.657-04:00","source":{"id":"0","name":"eventBus"}}
{"__type":"$$EventMessageAudit","id":"138ce27f-01ec-4c85-af44-31c72bab24a5","ts":"2026-04-19T10:45:33.774-04:00","eventName":"n8n.audit.workflow.updated","message":"n8n.audit.workflow.updated","payload":{"userId":"4dd1a0ef-4a7e-4b51-9ef9-85be6f214fac","_email":"benbassou.hajar@gmail.com","_firstName":"hajar","_lastName":"benbassou","globalRole":"global:owner","workflowId":"vKe5coF7o7hhVZy1","workflowName":"My workflow"}}
{"__type":"$$EventMessageConfirm","confirm":"138ce27f-01ec-4c85-af44-31c72bab24a5","ts":"2026-04-19T10:45:33.774-04:00","source":{"id":"0","name":"eventBus"}}
{"__type":"$$EventMessageAudit","id":"c5285d10-c8e1-4890-a353-af5f06c72d80","ts":"2026-04-19T10:45:36.064-04:00","eventName":"n8n.audit.workflow.updated","message":"n8n.audit.workflow.updated","payload":{"userId":"4dd1a0ef-4a7e-4b51-9ef9-85be6f214fac","_email":"benbassou.hajar@gmail.com","_firstName":"hajar","_lastName":"benbassou","globalRole":"global:owner","workflowId":"vKe5coF7o7hhVZy1","workflowName":"My workflow"}}
{"__type":"$$EventMessageConfirm","confirm":"c5285d10-c8e1-4890-a353-af5f06c72d80","ts":"2026-04-19T10:45:36.065-04:00","source":{"id":"0","name":"eventBus"}}
{"__type":"$$EventMessageAudit","id":"27c23807-cf11-4e6b-a7ea-4fe7b2533d0f","ts":"2026-04-19T10:45:40.985-04:00","eventName":"n8n.audit.workflow.updated","message":"n8n.audit.workflow.updated","payload":{"userId":"4dd1a0ef-4a7e-4b51-9ef9-85be6f214fac","_email":"benbassou.hajar@gmail.com","_firstName":"hajar","_lastName":"benbassou","globalRole":"global:owner","workflowId":"vKe5coF7o7hhVZy1","workflowName":"My workflow"}}
{"__type":"$$EventMessageConfirm","confirm":"27c23807-cf11-4e6b-a7ea-4fe7b2533d0f","ts":"2026-04-19T10:45:40.985-04:00","source":{"id":"0","name":"eventBus"}}
{"__type":"$$EventMessageAudit","id":"6c3e5fbb-0d44-4c8e-be03-931e46573d79","ts":"2026-04-19T10:46:18.939-04:00","eventName":"n8n.audit.workflow.updated","message":"n8n.audit.workflow.updated","payload":{"userId":"4dd1a0ef-4a7e-4b51-9ef9-85be6f214fac","_email":"benbassou.hajar@gmail.com","_firstName":"hajar","_lastName":"benbassou","globalRole":"global:owner","workflowId":"vKe5coF7o7hhVZy1","workflowName":"My workflow"}}
{"__type":"$$EventMessageConfirm","confirm":"6c3e5fbb-0d44-4c8e-be03-931e46573d79","ts":"2026-04-19T10:46:18.940-04:00","source":{"id":"0","name":"eventBus"}}
{"__type":"$$EventMessageAudit","id":"75744b80-46ad-479b-8143-29b41851cfcc","ts":"2026-04-19T10:46:25.298-04:00","eventName":"n8n.audit.workflow.updated","message":"n8n.audit.workflow.updated","payload":{"userId":"4dd1a0ef-4a7e-4b51-9ef9-85be6f214fac","_email":"benbassou.hajar@gmail.com","_firstName":"hajar","_lastName":"benbassou","globalRole":"global:owner","workflowId":"vKe5coF7o7hhVZy1","workflowName":"My workflow"}}
{"__type":"$$EventMessageConfirm","confirm":"75744b80-46ad-479b-8143-29b41851cfcc","ts":"2026-04-19T10:46:25.298-04:00","source":{"id":"0","name":"eventBus"}}
{"__type":"$$EventMessageAudit","id":"64180c8c-cf5c-4e7e-bbac-ecc09fc37f33","ts":"2026-04-19T11:04:04.516-04:00","eventName":"n8n.audit.user.credentials.created","message":"n8n.audit.user.credentials.created","payload":{"userId":"4dd1a0ef-4a7e-4b51-9ef9-85be6f214fac","_email":"benbassou.hajar@gmail.com","_firstName":"hajar","_lastName":"benbassou","globalRole":"global:owner","credentialType":"smtp","credentialId":"Zc8U9P1yJ4PjBZ4N","publicApi":false,"projectId":"9oTuke6lQHNapSDh","projectType":"personal","isDynamic":false}}
{"__type":"$$EventMessageConfirm","confirm":"64180c8c-cf5c-4e7e-bbac-ecc09fc37f33","ts":"2026-04-19T11:04:04.517-04:00","source":{"id":"0","name":"eventBus"}}
{"__type":"$$EventMessageAudit","id":"cc15d249-6073-47ce-b213-0ae242706b41","ts":"2026-04-19T11:04:06.119-04:00","eventName":"n8n.audit.workflow.updated","message":"n8n.audit.workflow.updated","payload":{"userId":"4dd1a0ef-4a7e-4b51-9ef9-85be6f214fac","_email":"benbassou.hajar@gmail.com","_firstName":"hajar","_lastName":"benbassou","globalRole":"global:owner","workflowId":"vKe5coF7o7hhVZy1","workflowName":"My workflow"}}
{"__type":"$$EventMessageConfirm","confirm":"cc15d249-6073-47ce-b213-0ae242706b41","ts":"2026-04-19T11:04:06.119-04:00","source":{"id":"0","name":"eventBus"}}
{"__type":"$$EventMessageAudit","id":"1eb2e069-1470-40b8-85e4-ca6169ae87f7","ts":"2026-04-19T11:04:46.469-04:00","eventName":"n8n.audit.user.credentials.updated","message":"n8n.audit.user.credentials.updated","payload":{"userId":"4dd1a0ef-4a7e-4b51-9ef9-85be6f214fac","_email":"benbassou.hajar@gmail.com","_firstName":"hajar","_lastName":"benbassou","globalRole":"global:owner","credentialType":"smtp","credentialId":"Zc8U9P1yJ4PjBZ4N","isDynamic":false}}
{"__type":"$$EventMessageConfirm","confirm":"1eb2e069-1470-40b8-85e4-ca6169ae87f7","ts":"2026-04-19T11:04:46.469-04:00","source":{"id":"0","name":"eventBus"}}
{"__type":"$$EventMessageAudit","id":"932ef0d5-5817-4139-915d-62860eb092d5","ts":"2026-04-19T11:05:26.841-04:00","eventName":"n8n.audit.user.credentials.updated","message":"n8n.audit.user.credentials.updated","payload":{"userId":"4dd1a0ef-4a7e-4b51-9ef9-85be6f214fac","_email":"benbassou.hajar@gmail.com","_firstName":"hajar","_lastName":"benbassou","globalRole":"global:owner","credentialType":"smtp","credentialId":"Zc8U9P1yJ4PjBZ4N","isDynamic":false}}
{"__type":"$$EventMessageConfirm","confirm":"932ef0d5-5817-4139-915d-62860eb092d5","ts":"2026-04-19T11:05:26.841-04:00","source":{"id":"0","name":"eventBus"}}
{"__type":"$$EventMessageAudit","id":"bb320885-e1f5-4a30-86ab-5ddd88b75dfa","ts":"2026-04-19T11:06:01.687-04:00","eventName":"n8n.audit.user.credentials.updated","message":"n8n.audit.user.credentials.updated","payload":{"userId":"4dd1a0ef-4a7e-4b51-9ef9-85be6f214fac","_email":"benbassou.hajar@gmail.com","_firstName":"hajar","_lastName":"benbassou","globalRole":"global:owner","credentialType":"smtp","credentialId":"Zc8U9P1yJ4PjBZ4N","isDynamic":false}}
{"__type":"$$EventMessageConfirm","confirm":"bb320885-e1f5-4a30-86ab-5ddd88b75dfa","ts":"2026-04-19T11:06:01.687-04:00","source":{"id":"0","name":"eventBus"}}
{"__type":"$$EventMessageAudit","id":"04cf96a1-a81e-4bc7-a8d3-09728457a981","ts":"2026-04-19T11:07:50.592-04:00","eventName":"n8n.audit.user.credentials.created","message":"n8n.audit.user.credentials.created","payload":{"userId":"4dd1a0ef-4a7e-4b51-9ef9-85be6f214fac","_email":"benbassou.hajar@gmail.com","_firstName":"hajar","_lastName":"benbassou","globalRole":"global:owner","credentialType":"notionApi","credentialId":"uoZDJK3ncxdQuRbt","publicApi":false,"projectId":"9oTuke6lQHNapSDh","projectType":"personal","isDynamic":false}}
{"__type":"$$EventMessageConfirm","confirm":"04cf96a1-a81e-4bc7-a8d3-09728457a981","ts":"2026-04-19T11:07:50.592-04:00","source":{"id":"0","name":"eventBus"}}
{"__type":"$$EventMessageAudit","id":"4ad9eccd-2671-4aa6-ae25-28791c81e5af","ts":"2026-04-19T11:07:52.153-04:00","eventName":"n8n.audit.workflow.updated","message":"n8n.audit.workflow.updated","payload":{"userId":"4dd1a0ef-4a7e-4b51-9ef9-85be6f214fac","_email":"benbassou.hajar@gmail.com","_firstName":"hajar","_lastName":"benbassou","globalRole":"global:owner","workflowId":"vKe5coF7o7hhVZy1","workflowName":"My workflow"}}
{"__type":"$$EventMessageConfirm","confirm":"4ad9eccd-2671-4aa6-ae25-28791c81e5af","ts":"2026-04-19T11:07:52.153-04:00","source":{"id":"0","name":"eventBus"}}
{"__type":"$$EventMessageAudit","id":"1b8c1fba-3442-42e3-883f-0099409ad161","ts":"2026-04-19T14:37:51.421-04:00","eventName":"n8n.audit.workflow.activated","message":"n8n.audit.workflow.activated","payload":{"userId":"4dd1a0ef-4a7e-4b51-9ef9-85be6f214fac","_email":"benbassou.hajar@gmail.com","_firstName":"hajar","_lastName":"benbassou","globalRole":"global:owner","workflowId":"vKe5coF7o7hhVZy1","workflowName":"My workflow","activeVersionId":"af94aee6-3d53-421d-ad25-fb9a76624316"}}
{"__type":"$$EventMessageConfirm","confirm":"1b8c1fba-3442-42e3-883f-0099409ad161","ts":"2026-04-19T14:37:51.421-04:00","source":{"id":"0","name":"eventBus"}}
{"__type":"$$EventMessageAudit","id":"838e5fe0-2288-4203-8215-3c43c16a4490","ts":"2026-04-19T14:38:03.015-04:00","eventName":"n8n.audit.workflow.executed","message":"n8n.audit.workflow.executed","payload":{"workflowId":"vKe5coF7o7hhVZy1","workflowName":"My workflow","executionId":"1","source":"webhook"}}
{"__type":"$$EventMessageConfirm","confirm":"838e5fe0-2288-4203-8215-3c43c16a4490","ts":"2026-04-19T14:38:03.015-04:00","source":{"id":"0","name":"eventBus"}}
{"__type":"$$EventMessageWorkflow","id":"cf878b7c-ced7-423c-8fe6-b6b4c32d6fa2","ts":"2026-04-19T14:38:03.015-04:00","eventName":"n8n.workflow.started","message":"n8n.workflow.started","payload":{"executionId":"1","workflowId":"vKe5coF7o7hhVZy1","isManual":false,"mode":"webhook","workflowName":"My workflow"}}
{"__type":"$$EventMessageConfirm","confirm":"cf878b7c-ced7-423c-8fe6-b6b4c32d6fa2","ts":"2026-04-19T14:38:03.015-04:00","source":{"id":"0","name":"eventBus"}}
{"__type":"$$EventMessageNode","id":"7b8ba6dc-0db0-49d1-aa34-91c1534e5a41","ts":"2026-04-19T14:38:03.016-04:00","eventName":"n8n.node.started","message":"n8n.node.started","payload":{"workflowId":"vKe5coF7o7hhVZy1","workflowName":"My workflow","executionId":"1","nodeType":"n8n-nodes-base.webhook","nodeName":"Webhook","nodeId":"f5196dcc-4d57-42c9-90ea-8f1be8c99781"}}
{"__type":"$$EventMessageConfirm","confirm":"7b8ba6dc-0db0-49d1-aa34-91c1534e5a41","ts":"2026-04-19T14:38:03.016-04:00","source":{"id":"0","name":"eventBus"}}
{"__type":"$$EventMessageNode","id":"5b72a74e-f4df-4021-92e3-7e9b041bfea4","ts":"2026-04-19T14:38:03.016-04:00","eventName":"n8n.node.finished","message":"n8n.node.finished","payload":{"workflowId":"vKe5coF7o7hhVZy1","workflowName":"My workflow","executionId":"1","nodeType":"n8n-nodes-base.webhook","nodeName":"Webhook","nodeId":"f5196dcc-4d57-42c9-90ea-8f1be8c99781"}}
{"__type":"$$EventMessageConfirm","confirm":"5b72a74e-f4df-4021-92e3-7e9b041bfea4","ts":"2026-04-19T14:38:03.016-04:00","source":{"id":"0","name":"eventBus"}}
{"__type":"$$EventMessageNode","id":"864ea735-e250-4566-9665-ee3ec7a89db0","ts":"2026-04-19T14:38:03.016-04:00","eventName":"n8n.node.started","message":"n8n.node.started","payload":{"workflowId":"vKe5coF7o7hhVZy1","workflowName":"My workflow","executionId":"1","nodeType":"n8n-nodes-base.httpRequest","nodeName":"HTTP Request","nodeId":"b62a50da-803d-4904-8b8b-fa0d48951b9b"}}
{"__type":"$$EventMessageConfirm","confirm":"864ea735-e250-4566-9665-ee3ec7a89db0","ts":"2026-04-19T14:38:03.016-04:00","source":{"id":"0","name":"eventBus"}}
{"__type":"$$EventMessageNode","id":"9e0a01fd-7e14-465d-893e-71a07bc874b0","ts":"2026-04-19T14:38:03.038-04:00","eventName":"n8n.node.finished","message":"n8n.node.finished","payload":{"workflowId":"vKe5coF7o7hhVZy1","workflowName":"My workflow","executionId":"1","nodeType":"n8n-nodes-base.httpRequest","nodeName":"HTTP Request","nodeId":"b62a50da-803d-4904-8b8b-fa0d48951b9b"}}
{"__type":"$$EventMessageConfirm","confirm":"9e0a01fd-7e14-465d-893e-71a07bc874b0","ts":"2026-04-19T14:38:03.038-04:00","source":{"id":"0","name":"eventBus"}}
{"__type":"$$EventMessageWorkflow","id":"488686e3-0e04-463e-8adc-38e8e41f10de","ts":"2026-04-19T14:38:03.039-04:00","eventName":"n8n.workflow.failed","message":"n8n.workflow.failed","payload":{"executionId":"1","success":false,"isManual":false,"mode":"webhook","workflowId":"vKe5coF7o7hhVZy1","workflowName":"My workflow","lastNodeExecuted":"HTTP Request","errorNodeType":"n8n-nodes-base.httpRequest","errorMessage":"The item has no binary field 'data' [item 0]"}}
{"__type":"$$EventMessageConfirm","confirm":"488686e3-0e04-463e-8adc-38e8e41f10de","ts":"2026-04-19T14:38:03.039-04:00","source":{"id":"0","name":"eventBus"}}
{"__type":"$$EventMessageAudit","id":"b60bf473-0750-440a-836c-f5ca5c4369ee","ts":"2026-04-19T14:38:12.775-04:00","eventName":"n8n.audit.workflow.executed","message":"n8n.audit.workflow.executed","payload":{"workflowId":"vKe5coF7o7hhVZy1","workflowName":"My workflow","executionId":"2","source":"webhook"}}
{"__type":"$$EventMessageConfirm","confirm":"b60bf473-0750-440a-836c-f5ca5c4369ee","ts":"2026-04-19T14:38:12.775-04:00","source":{"id":"0","name":"eventBus"}}
{"__type":"$$EventMessageWorkflow","id":"3a5e6e58-fd5a-46ba-91df-4bdf6ee9c610","ts":"2026-04-19T14:38:12.775-04:00","eventName":"n8n.workflow.started","message":"n8n.workflow.started","payload":{"executionId":"2","workflowId":"vKe5coF7o7hhVZy1","isManual":false,"mode":"webhook","workflowName":"My workflow"}}
{"__type":"$$EventMessageConfirm","confirm":"3a5e6e58-fd5a-46ba-91df-4bdf6ee9c610","ts":"2026-04-19T14:38:12.775-04:00","source":{"id":"0","name":"eventBus"}}
{"__type":"$$EventMessageNode","id":"c8c2e5d4-486c-43d3-b3c3-e55a2ae22d78","ts":"2026-04-19T14:38:12.776-04:00","eventName":"n8n.node.started","message":"n8n.node.started","payload":{"workflowId":"vKe5coF7o7hhVZy1","workflowName":"My workflow","executionId":"2","nodeType":"n8n-nodes-base.webhook","nodeName":"Webhook","nodeId":"f5196dcc-4d57-42c9-90ea-8f1be8c99781"}}
{"__type":"$$EventMessageConfirm","confirm":"c8c2e5d4-486c-43d3-b3c3-e55a2ae22d78","ts":"2026-04-19T14:38:12.776-04:00","source":{"id":"0","name":"eventBus"}}
{"__type":"$$EventMessageNode","id":"8aeaf022-3d1e-4ca2-901c-575f0d564f05","ts":"2026-04-19T14:38:12.776-04:00","eventName":"n8n.node.finished","message":"n8n.node.finished","payload":{"workflowId":"vKe5coF7o7hhVZy1","workflowName":"My workflow","executionId":"2","nodeType":"n8n-nodes-base.webhook","nodeName":"Webhook","nodeId":"f5196dcc-4d57-42c9-90ea-8f1be8c99781"}}
{"__type":"$$EventMessageConfirm","confirm":"8aeaf022-3d1e-4ca2-901c-575f0d564f05","ts":"2026-04-19T14:38:12.776-04:00","source":{"id":"0","name":"eventBus"}}
{"__type":"$$EventMessageNode","id":"e2c762be-99f9-4e8b-9577-92091ccd6cbd","ts":"2026-04-19T14:38:12.776-04:00","eventName":"n8n.node.started","message":"n8n.node.started","payload":{"workflowId":"vKe5coF7o7hhVZy1","workflowName":"My workflow","executionId":"2","nodeType":"n8n-nodes-base.httpRequest","nodeName":"HTTP Request","nodeId":"b62a50da-803d-4904-8b8b-fa0d48951b9b"}}
{"__type":"$$EventMessageConfirm","confirm":"e2c762be-99f9-4e8b-9577-92091ccd6cbd","ts":"2026-04-19T14:38:12.776-04:00","source":{"id":"0","name":"eventBus"}}
{"__type":"$$EventMessageNode","id":"add4caca-76d2-4037-9be9-90b39bcbcb69","ts":"2026-04-19T14:38:12.777-04:00","eventName":"n8n.node.finished","message":"n8n.node.finished","payload":{"workflowId":"vKe5coF7o7hhVZy1","workflowName":"My workflow","executionId":"2","nodeType":"n8n-nodes-base.httpRequest","nodeName":"HTTP Request","nodeId":"b62a50da-803d-4904-8b8b-fa0d48951b9b"}}
{"__type":"$$EventMessageConfirm","confirm":"add4caca-76d2-4037-9be9-90b39bcbcb69","ts":"2026-04-19T14:38:12.777-04:00","source":{"id":"0","name":"eventBus"}}
{"__type":"$$EventMessageWorkflow","id":"183c6212-e38c-41ce-aedc-a88ca99057d4","ts":"2026-04-19T14:38:12.777-04:00","eventName":"n8n.workflow.failed","message":"n8n.workflow.failed","payload":{"executionId":"2","success":false,"isManual":false,"mode":"webhook","workflowId":"vKe5coF7o7hhVZy1","workflowName":"My workflow","lastNodeExecuted":"HTTP Request","errorNodeType":"n8n-nodes-base.httpRequest","errorMessage":"The item has no binary field 'data' [item 0]"}}
{"__type":"$$EventMessageConfirm","confirm":"183c6212-e38c-41ce-aedc-a88ca99057d4","ts":"2026-04-19T14:38:12.777-04:00","source":{"id":"0","name":"eventBus"}}
{"__type":"$$EventMessageAudit","id":"aef99ee5-39f6-4cb7-ba2c-67df403ec07a","ts":"2026-04-19T14:41:31.268-04:00","eventName":"n8n.audit.workflow.executed","message":"n8n.audit.workflow.executed","payload":{"workflowId":"vKe5coF7o7hhVZy1","workflowName":"My workflow","executionId":"3","source":"webhook"}}
{"__type":"$$EventMessageConfirm","confirm":"aef99ee5-39f6-4cb7-ba2c-67df403ec07a","ts":"2026-04-19T14:41:31.268-04:00","source":{"id":"0","name":"eventBus"}}
{"__type":"$$EventMessageWorkflow","id":"37e44f9d-12b1-4755-9ff3-cabad9dac5a4","ts":"2026-04-19T14:41:31.269-04:00","eventName":"n8n.workflow.started","message":"n8n.workflow.started","payload":{"executionId":"3","workflowId":"vKe5coF7o7hhVZy1","isManual":false,"mode":"manual","workflowName":"My workflow"}}
{"__type":"$$EventMessageConfirm","confirm":"37e44f9d-12b1-4755-9ff3-cabad9dac5a4","ts":"2026-04-19T14:41:31.269-04:00","source":{"id":"0","name":"eventBus"}}
{"__type":"$$EventMessageNode","id":"3fcd6ce1-0851-4fea-bc86-749bd5b2eb0a","ts":"2026-04-19T14:41:31.270-04:00","eventName":"n8n.node.started","message":"n8n.node.started","payload":{"workflowId":"vKe5coF7o7hhVZy1","workflowName":"My workflow","executionId":"3","nodeType":"n8n-nodes-base.webhook","nodeName":"Webhook","nodeId":"f5196dcc-4d57-42c9-90ea-8f1be8c99781"}}
{"__type":"$$EventMessageConfirm","confirm":"3fcd6ce1-0851-4fea-bc86-749bd5b2eb0a","ts":"2026-04-19T14:41:31.270-04:00","source":{"id":"0","name":"eventBus"}}
{"__type":"$$EventMessageNode","id":"96a21e3a-90e8-4937-80e1-e5205f77a856","ts":"2026-04-19T14:41:31.270-04:00","eventName":"n8n.node.finished","message":"n8n.node.finished","payload":{"workflowId":"vKe5coF7o7hhVZy1","workflowName":"My workflow","executionId":"3","nodeType":"n8n-nodes-base.webhook","nodeName":"Webhook","nodeId":"f5196dcc-4d57-42c9-90ea-8f1be8c99781"}}
{"__type":"$$EventMessageConfirm","confirm":"96a21e3a-90e8-4937-80e1-e5205f77a856","ts":"2026-04-19T14:41:31.270-04:00","source":{"id":"0","name":"eventBus"}}
{"__type":"$$EventMessageWorkflow","id":"4c54bd47-c05f-43d9-b4b5-58c78abb2a79","ts":"2026-04-19T14:41:31.275-04:00","eventName":"n8n.workflow.success","message":"n8n.workflow.success","payload":{"executionId":"3","success":true,"isManual":true,"mode":"manual","workflowId":"vKe5coF7o7hhVZy1","workflowName":"My workflow"}}
{"__type":"$$EventMessageConfirm","confirm":"4c54bd47-c05f-43d9-b4b5-58c78abb2a79","ts":"2026-04-19T14:41:31.275-04:00","source":{"id":"0","name":"eventBus"}}
{"__type":"$$EventMessageAudit","id":"20010338-20ea-4f27-b213-e4b220a59d3f","ts":"2026-04-19T14:41:57.853-04:00","eventName":"n8n.audit.workflow.executed","message":"n8n.audit.workflow.executed","payload":{"userId":"4dd1a0ef-4a7e-4b51-9ef9-85be6f214fac","_email":"benbassou.hajar@gmail.com","_firstName":"hajar","_lastName":"benbassou","globalRole":"global:owner","workflowId":"vKe5coF7o7hhVZy1","workflowName":"My workflow","executionId":"4","source":"user-manual"}}
{"__type":"$$EventMessageConfirm","confirm":"20010338-20ea-4f27-b213-e4b220a59d3f","ts":"2026-04-19T14:41:57.853-04:00","source":{"id":"0","name":"eventBus"}}
{"__type":"$$EventMessageWorkflow","id":"ffa13cab-7795-4719-83fd-b3d9cc002de7","ts":"2026-04-19T14:41:57.853-04:00","eventName":"n8n.workflow.started","message":"n8n.workflow.started","payload":{"executionId":"4","workflowId":"vKe5coF7o7hhVZy1","isManual":false,"mode":"manual","workflowName":"My workflow"}}
{"__type":"$$EventMessageConfirm","confirm":"ffa13cab-7795-4719-83fd-b3d9cc002de7","ts":"2026-04-19T14:41:57.853-04:00","source":{"id":"0","name":"eventBus"}}
{"__type":"$$EventMessageNode","id":"ac2f39b7-3683-400b-9fe1-2b780954a172","ts":"2026-04-19T14:41:57.860-04:00","eventName":"n8n.node.started","message":"n8n.node.started","payload":{"workflowId":"vKe5coF7o7hhVZy1","workflowName":"My workflow","executionId":"4","nodeType":"n8n-nodes-base.httpRequest","nodeName":"HTTP Request","nodeId":"b62a50da-803d-4904-8b8b-fa0d48951b9b"}}
{"__type":"$$EventMessageConfirm","confirm":"ac2f39b7-3683-400b-9fe1-2b780954a172","ts":"2026-04-19T14:41:57.860-04:00","source":{"id":"0","name":"eventBus"}}
{"__type":"$$EventMessageNode","id":"44f60c06-95d5-4527-a83b-a205d86bdad8","ts":"2026-04-19T14:41:57.862-04:00","eventName":"n8n.node.finished","message":"n8n.node.finished","payload":{"workflowId":"vKe5coF7o7hhVZy1","workflowName":"My workflow","executionId":"4","nodeType":"n8n-nodes-base.httpRequest","nodeName":"HTTP Request","nodeId":"b62a50da-803d-4904-8b8b-fa0d48951b9b"}}
{"__type":"$$EventMessageConfirm","confirm":"44f60c06-95d5-4527-a83b-a205d86bdad8","ts":"2026-04-19T14:41:57.863-04:00","source":{"id":"0","name":"eventBus"}}
{"__type":"$$EventMessageWorkflow","id":"e8e0b87b-9b90-4de5-8762-f7c430d8f083","ts":"2026-04-19T14:41:57.865-04:00","eventName":"n8n.workflow.failed","message":"n8n.workflow.failed","payload":{"userId":"4dd1a0ef-4a7e-4b51-9ef9-85be6f214fac","executionId":"4","success":false,"isManual":true,"mode":"manual","workflowId":"vKe5coF7o7hhVZy1","workflowName":"My workflow","lastNodeExecuted":"HTTP Request","errorNodeType":"n8n-nodes-base.httpRequest","errorMessage":"The item has no binary field 'data' [item 0]"}}
{"__type":"$$EventMessageConfirm","confirm":"e8e0b87b-9b90-4de5-8762-f7c430d8f083","ts":"2026-04-19T14:41:57.865-04:00","source":{"id":"0","name":"eventBus"}}
{"__type":"$$EventMessageAudit","id":"89cbf83d-c605-4b04-a2d5-cae3d54a0bfb","ts":"2026-04-19T14:42:02.478-04:00","eventName":"n8n.audit.workflow.executed","message":"n8n.audit.workflow.executed","payload":{"userId":"4dd1a0ef-4a7e-4b51-9ef9-85be6f214fac","_email":"benbassou.hajar@gmail.com","_firstName":"hajar","_lastName":"benbassou","globalRole":"global:owner","workflowId":"vKe5coF7o7hhVZy1","workflowName":"My workflow","executionId":"5","source":"user-manual"}}
{"__type":"$$EventMessageConfirm","confirm":"89cbf83d-c605-4b04-a2d5-cae3d54a0bfb","ts":"2026-04-19T14:42:02.478-04:00","source":{"id":"0","name":"eventBus"}}
{"__type":"$$EventMessageWorkflow","id":"00f2104c-41d1-4144-b7f8-3f8cffa56750","ts":"2026-04-19T14:42:02.478-04:00","eventName":"n8n.workflow.started","message":"n8n.workflow.started","payload":{"executionId":"5","workflowId":"vKe5coF7o7hhVZy1","isManual":false,"mode":"manual","workflowName":"My workflow"}}
{"__type":"$$EventMessageConfirm","confirm":"00f2104c-41d1-4144-b7f8-3f8cffa56750","ts":"2026-04-19T14:42:02.479-04:00","source":{"id":"0","name":"eventBus"}}
{"__type":"$$EventMessageNode","id":"637c7864-7632-424e-9175-5e861a316af4","ts":"2026-04-19T14:42:02.482-04:00","eventName":"n8n.node.started","message":"n8n.node.started","payload":{"workflowId":"vKe5coF7o7hhVZy1","workflowName":"My workflow","executionId":"5","nodeType":"n8n-nodes-base.httpRequest","nodeName":"HTTP Request","nodeId":"b62a50da-803d-4904-8b8b-fa0d48951b9b"}}
{"__type":"$$EventMessageConfirm","confirm":"637c7864-7632-424e-9175-5e861a316af4","ts":"2026-04-19T14:42:02.482-04:00","source":{"id":"0","name":"eventBus"}}
{"__type":"$$EventMessageNode","id":"b09a5377-4da2-455a-8dae-aca7b57ae495","ts":"2026-04-19T14:42:02.483-04:00","eventName":"n8n.node.finished","message":"n8n.node.finished","payload":{"workflowId":"vKe5coF7o7hhVZy1","workflowName":"My workflow","executionId":"5","nodeType":"n8n-nodes-base.httpRequest","nodeName":"HTTP Request","nodeId":"b62a50da-803d-4904-8b8b-fa0d48951b9b"}}
{"__type":"$$EventMessageConfirm","confirm":"b09a5377-4da2-455a-8dae-aca7b57ae495","ts":"2026-04-19T14:42:02.483-04:00","source":{"id":"0","name":"eventBus"}}
{"__type":"$$EventMessageWorkflow","id":"f4fcf8e3-a57b-4668-8389-283062f0b477","ts":"2026-04-19T14:42:02.485-04:00","eventName":"n8n.workflow.failed","message":"n8n.workflow.failed","payload":{"userId":"4dd1a0ef-4a7e-4b51-9ef9-85be6f214fac","executionId":"5","success":false,"isManual":true,"mode":"manual","workflowId":"vKe5coF7o7hhVZy1","workflowName":"My workflow","lastNodeExecuted":"HTTP Request","errorNodeType":"n8n-nodes-base.httpRequest","errorMessage":"The item has no binary field 'data' [item 0]"}}
{"__type":"$$EventMessageConfirm","confirm":"f4fcf8e3-a57b-4668-8389-283062f0b477","ts":"2026-04-19T14:42:02.485-04:00","source":{"id":"0","name":"eventBus"}}
{"__type":"$$EventMessageAudit","id":"4ad92bff-43fb-4eb6-bef0-4ded9b12c3c4","ts":"2026-04-19T14:42:05.414-04:00","eventName":"n8n.audit.workflow.executed","message":"n8n.audit.workflow.executed","payload":{"userId":"4dd1a0ef-4a7e-4b51-9ef9-85be6f214fac","_email":"benbassou.hajar@gmail.com","_firstName":"hajar","_lastName":"benbassou","globalRole":"global:owner","workflowId":"vKe5coF7o7hhVZy1","workflowName":"My workflow","executionId":"6","source":"user-manual"}}
{"__type":"$$EventMessageConfirm","confirm":"4ad92bff-43fb-4eb6-bef0-4ded9b12c3c4","ts":"2026-04-19T14:42:05.415-04:00","source":{"id":"0","name":"eventBus"}}
{"__type":"$$EventMessageWorkflow","id":"31d13a41-52ba-4b90-abd2-11954b9376e9","ts":"2026-04-19T14:42:05.415-04:00","eventName":"n8n.workflow.started","message":"n8n.workflow.started","payload":{"executionId":"6","workflowId":"vKe5coF7o7hhVZy1","isManual":false,"mode":"manual","workflowName":"My workflow"}}
{"__type":"$$EventMessageConfirm","confirm":"31d13a41-52ba-4b90-abd2-11954b9376e9","ts":"2026-04-19T14:42:05.415-04:00","source":{"id":"0","name":"eventBus"}}
{"__type":"$$EventMessageNode","id":"95125ad7-ffb4-440c-9eb3-d5497a5ad71c","ts":"2026-04-19T14:42:05.420-04:00","eventName":"n8n.node.started","message":"n8n.node.started","payload":{"workflowId":"vKe5coF7o7hhVZy1","workflowName":"My workflow","executionId":"6","nodeType":"n8n-nodes-base.httpRequest","nodeName":"HTTP Request","nodeId":"b62a50da-803d-4904-8b8b-fa0d48951b9b"}}
{"__type":"$$EventMessageConfirm","confirm":"95125ad7-ffb4-440c-9eb3-d5497a5ad71c","ts":"2026-04-19T14:42:05.420-04:00","source":{"id":"0","name":"eventBus"}}
{"__type":"$$EventMessageNode","id":"844a9117-d591-476d-9edf-91628861903f","ts":"2026-04-19T14:42:05.421-04:00","eventName":"n8n.node.finished","message":"n8n.node.finished","payload":{"workflowId":"vKe5coF7o7hhVZy1","workflowName":"My workflow","executionId":"6","nodeType":"n8n-nodes-base.httpRequest","nodeName":"HTTP Request","nodeId":"b62a50da-803d-4904-8b8b-fa0d48951b9b"}}
{"__type":"$$EventMessageConfirm","confirm":"844a9117-d591-476d-9edf-91628861903f","ts":"2026-04-19T14:42:05.421-04:00","source":{"id":"0","name":"eventBus"}}
{"__type":"$$EventMessageWorkflow","id":"acae3549-98fe-479e-b711-35c47802b2a7","ts":"2026-04-19T14:42:05.423-04:00","eventName":"n8n.workflow.failed","message":"n8n.workflow.failed","payload":{"userId":"4dd1a0ef-4a7e-4b51-9ef9-85be6f214fac","executionId":"6","success":false,"isManual":true,"mode":"manual","workflowId":"vKe5coF7o7hhVZy1","workflowName":"My workflow","lastNodeExecuted":"HTTP Request","errorNodeType":"n8n-nodes-base.httpRequest","errorMessage":"The item has no binary field 'data' [item 0]"}}
{"__type":"$$EventMessageConfirm","confirm":"acae3549-98fe-479e-b711-35c47802b2a7","ts":"2026-04-19T14:42:05.425-04:00","source":{"id":"0","name":"eventBus"}}
{"__type":"$$EventMessageAudit","id":"8babc654-e767-426e-936b-2981676ad33f","ts":"2026-04-19T14:43:18.314-04:00","eventName":"n8n.audit.workflow.updated","message":"n8n.audit.workflow.updated","payload":{"userId":"4dd1a0ef-4a7e-4b51-9ef9-85be6f214fac","_email":"benbassou.hajar@gmail.com","_firstName":"hajar","_lastName":"benbassou","globalRole":"global:owner","workflowId":"vKe5coF7o7hhVZy1","workflowName":"My workflow"}}
{"__type":"$$EventMessageConfirm","confirm":"8babc654-e767-426e-936b-2981676ad33f","ts":"2026-04-19T14:43:18.314-04:00","source":{"id":"0","name":"eventBus"}}
{"__type":"$$EventMessageAudit","id":"d8e8f222-2b02-4397-a651-1c99b7c55f00","ts":"2026-04-19T14:43:20.824-04:00","eventName":"n8n.audit.workflow.executed","message":"n8n.audit.workflow.executed","payload":{"userId":"4dd1a0ef-4a7e-4b51-9ef9-85be6f214fac","_email":"benbassou.hajar@gmail.com","_firstName":"hajar","_lastName":"benbassou","globalRole":"global:owner","workflowId":"vKe5coF7o7hhVZy1","workflowName":"My workflow","executionId":"7","source":"user-manual"}}
{"__type":"$$EventMessageConfirm","confirm":"d8e8f222-2b02-4397-a651-1c99b7c55f00","ts":"2026-04-19T14:43:20.824-04:00","source":{"id":"0","name":"eventBus"}}
{"__type":"$$EventMessageWorkflow","id":"f67d09e8-cab5-4d63-af55-93c6347999d6","ts":"2026-04-19T14:43:20.824-04:00","eventName":"n8n.workflow.started","message":"n8n.workflow.started","payload":{"executionId":"7","workflowId":"vKe5coF7o7hhVZy1","isManual":false,"mode":"manual","workflowName":"My workflow"}}
{"__type":"$$EventMessageConfirm","confirm":"f67d09e8-cab5-4d63-af55-93c6347999d6","ts":"2026-04-19T14:43:20.824-04:00","source":{"id":"0","name":"eventBus"}}
{"__type":"$$EventMessageNode","id":"84729dee-d628-4d9b-a25a-8ba2d3cf9588","ts":"2026-04-19T14:43:20.827-04:00","eventName":"n8n.node.started","message":"n8n.node.started","payload":{"workflowId":"vKe5coF7o7hhVZy1","workflowName":"My workflow","executionId":"7","nodeType":"n8n-nodes-base.httpRequest","nodeName":"HTTP Request","nodeId":"b62a50da-803d-4904-8b8b-fa0d48951b9b"}}
{"__type":"$$EventMessageConfirm","confirm":"84729dee-d628-4d9b-a25a-8ba2d3cf9588","ts":"2026-04-19T14:43:20.828-04:00","source":{"id":"0","name":"eventBus"}}
{"__type":"$$EventMessageNode","id":"25456e34-647c-4bb9-9e12-66e1975fd91c","ts":"2026-04-19T14:43:20.837-04:00","eventName":"n8n.node.finished","message":"n8n.node.finished","payload":{"workflowId":"vKe5coF7o7hhVZy1","workflowName":"My workflow","executionId":"7","nodeType":"n8n-nodes-base.httpRequest","nodeName":"HTTP Request","nodeId":"b62a50da-803d-4904-8b8b-fa0d48951b9b"}}
{"__type":"$$EventMessageConfirm","confirm":"25456e34-647c-4bb9-9e12-66e1975fd91c","ts":"2026-04-19T14:43:20.837-04:00","source":{"id":"0","name":"eventBus"}}
{"__type":"$$EventMessageWorkflow","id":"f83c09d3-c4d3-4382-a57c-5601cebc7dab","ts":"2026-04-19T14:43:20.845-04:00","eventName":"n8n.workflow.failed","message":"n8n.workflow.failed","payload":{"userId":"4dd1a0ef-4a7e-4b51-9ef9-85be6f214fac","executionId":"7","success":false,"isManual":true,"mode":"manual","workflowId":"vKe5coF7o7hhVZy1","workflowName":"My workflow","lastNodeExecuted":"HTTP Request","errorNodeType":"n8n-nodes-base.httpRequest","errorMessage":"The service refused the connection - perhaps it is offline"}}
{"__type":"$$EventMessageConfirm","confirm":"f83c09d3-c4d3-4382-a57c-5601cebc7dab","ts":"2026-04-19T14:43:20.845-04:00","source":{"id":"0","name":"eventBus"}}
{"__type":"$$EventMessageAudit","id":"009d999f-4b3f-4a7e-b964-6a70d010fa66","ts":"2026-04-19T14:43:29.035-04:00","eventName":"n8n.audit.workflow.executed","message":"n8n.audit.workflow.executed","payload":{"userId":"4dd1a0ef-4a7e-4b51-9ef9-85be6f214fac","_email":"benbassou.hajar@gmail.com","_firstName":"hajar","_lastName":"benbassou","globalRole":"global:owner","workflowId":"vKe5coF7o7hhVZy1","workflowName":"My workflow","executionId":"8","source":"user-manual"}}
{"__type":"$$EventMessageConfirm","confirm":"009d999f-4b3f-4a7e-b964-6a70d010fa66","ts":"2026-04-19T14:43:29.035-04:00","source":{"id":"0","name":"eventBus"}}
{"__type":"$$EventMessageWorkflow","id":"8e4de576-731e-48f5-a876-c480284c5417","ts":"2026-04-19T14:43:29.035-04:00","eventName":"n8n.workflow.started","message":"n8n.workflow.started","payload":{"executionId":"8","workflowId":"vKe5coF7o7hhVZy1","isManual":false,"mode":"manual","workflowName":"My workflow"}}
{"__type":"$$EventMessageConfirm","confirm":"8e4de576-731e-48f5-a876-c480284c5417","ts":"2026-04-19T14:43:29.035-04:00","source":{"id":"0","name":"eventBus"}}
{"__type":"$$EventMessageNode","id":"950f73a5-6dd8-4e8f-9650-fb206bb2563f","ts":"2026-04-19T14:43:29.047-04:00","eventName":"n8n.node.started","message":"n8n.node.started","payload":{"workflowId":"vKe5coF7o7hhVZy1","workflowName":"My workflow","executionId":"8","nodeType":"n8n-nodes-base.httpRequest","nodeName":"HTTP Request","nodeId":"b62a50da-803d-4904-8b8b-fa0d48951b9b"}}
{"__type":"$$EventMessageConfirm","confirm":"950f73a5-6dd8-4e8f-9650-fb206bb2563f","ts":"2026-04-19T14:43:29.047-04:00","source":{"id":"0","name":"eventBus"}}
{"__type":"$$EventMessageNode","id":"07e160a5-cc38-4f39-8c9e-997e17778368","ts":"2026-04-19T14:43:29.053-04:00","eventName":"n8n.node.finished","message":"n8n.node.finished","payload":{"workflowId":"vKe5coF7o7hhVZy1","workflowName":"My workflow","executionId":"8","nodeType":"n8n-nodes-base.httpRequest","nodeName":"HTTP Request","nodeId":"b62a50da-803d-4904-8b8b-fa0d48951b9b"}}
{"__type":"$$EventMessageConfirm","confirm":"07e160a5-cc38-4f39-8c9e-997e17778368","ts":"2026-04-19T14:43:29.053-04:00","source":{"id":"0","name":"eventBus"}}
{"__type":"$$EventMessageWorkflow","id":"752595b7-71ee-4ce6-9715-f4179d737bda","ts":"2026-04-19T14:43:29.056-04:00","eventName":"n8n.workflow.failed","message":"n8n.workflow.failed","payload":{"userId":"4dd1a0ef-4a7e-4b51-9ef9-85be6f214fac","executionId":"8","success":false,"isManual":true,"mode":"manual","workflowId":"vKe5coF7o7hhVZy1","workflowName":"My workflow","lastNodeExecuted":"HTTP Request","errorNodeType":"n8n-nodes-base.httpRequest","errorMessage":"The service refused the connection - perhaps it is offline"}}
{"__type":"$$EventMessageConfirm","confirm":"752595b7-71ee-4ce6-9715-f4179d737bda","ts":"2026-04-19T14:43:29.056-04:00","source":{"id":"0","name":"eventBus"}}
{"__type":"$$EventMessageAudit","id":"1ca33a7d-ad2c-47dd-9701-f3901e48b7e6","ts":"2026-04-19T14:44:21.286-04:00","eventName":"n8n.audit.workflow.updated","message":"n8n.audit.workflow.updated","payload":{"userId":"4dd1a0ef-4a7e-4b51-9ef9-85be6f214fac","_email":"benbassou.hajar@gmail.com","_firstName":"hajar","_lastName":"benbassou","globalRole":"global:owner","workflowId":"vKe5coF7o7hhVZy1","workflowName":"My workflow"}}
{"__type":"$$EventMessageConfirm","confirm":"1ca33a7d-ad2c-47dd-9701-f3901e48b7e6","ts":"2026-04-19T14:44:21.286-04:00","source":{"id":"0","name":"eventBus"}}
{"__type":"$$EventMessageAudit","id":"5d4f5ff7-ade1-4ef0-b452-ba32fba379d5","ts":"2026-04-19T14:44:21.385-04:00","eventName":"n8n.audit.workflow.executed","message":"n8n.audit.workflow.executed","payload":{"userId":"4dd1a0ef-4a7e-4b51-9ef9-85be6f214fac","_email":"benbassou.hajar@gmail.com","_firstName":"hajar","_lastName":"benbassou","globalRole":"global:owner","workflowId":"vKe5coF7o7hhVZy1","workflowName":"My workflow","executionId":"9","source":"user-manual"}}
{"__type":"$$EventMessageConfirm","confirm":"5d4f5ff7-ade1-4ef0-b452-ba32fba379d5","ts":"2026-04-19T14:44:21.385-04:00","source":{"id":"0","name":"eventBus"}}
{"__type":"$$EventMessageWorkflow","id":"e88ab104-d0c1-4e6e-b65f-7302bb619338","ts":"2026-04-19T14:44:21.385-04:00","eventName":"n8n.workflow.started","message":"n8n.workflow.started","payload":{"executionId":"9","workflowId":"vKe5coF7o7hhVZy1","isManual":false,"mode":"manual","workflowName":"My workflow"}}
{"__type":"$$EventMessageConfirm","confirm":"e88ab104-d0c1-4e6e-b65f-7302bb619338","ts":"2026-04-19T14:44:21.385-04:00","source":{"id":"0","name":"eventBus"}}
{"__type":"$$EventMessageNode","id":"066c87c1-51af-4301-acdc-398f0d312b38","ts":"2026-04-19T14:44:21.390-04:00","eventName":"n8n.node.started","message":"n8n.node.started","payload":{"workflowId":"vKe5coF7o7hhVZy1","workflowName":"My workflow","executionId":"9","nodeType":"n8n-nodes-base.httpRequest","nodeName":"HTTP Request","nodeId":"b62a50da-803d-4904-8b8b-fa0d48951b9b"}}
{"__type":"$$EventMessageConfirm","confirm":"066c87c1-51af-4301-acdc-398f0d312b38","ts":"2026-04-19T14:44:21.390-04:00","source":{"id":"0","name":"eventBus"}}
{"__type":"$$EventMessageNode","id":"8110e99d-e766-442f-a47f-2a79cc62602d","ts":"2026-04-19T14:44:21.395-04:00","eventName":"n8n.node.finished","message":"n8n.node.finished","payload":{"workflowId":"vKe5coF7o7hhVZy1","workflowName":"My workflow","executionId":"9","nodeType":"n8n-nodes-base.httpRequest","nodeName":"HTTP Request","nodeId":"b62a50da-803d-4904-8b8b-fa0d48951b9b"}}
{"__type":"$$EventMessageConfirm","confirm":"8110e99d-e766-442f-a47f-2a79cc62602d","ts":"2026-04-19T14:44:21.395-04:00","source":{"id":"0","name":"eventBus"}}
{"__type":"$$EventMessageWorkflow","id":"3b1e41f7-f391-4fc3-9b96-3ff869225b33","ts":"2026-04-19T14:44:21.398-04:00","eventName":"n8n.workflow.failed","message":"n8n.workflow.failed","payload":{"userId":"4dd1a0ef-4a7e-4b51-9ef9-85be6f214fac","executionId":"9","success":false,"isManual":true,"mode":"manual","workflowId":"vKe5coF7o7hhVZy1","workflowName":"My workflow","lastNodeExecuted":"HTTP Request","errorNodeType":"n8n-nodes-base.httpRequest","errorMessage":"The service refused the connection - perhaps it is offline"}}
{"__type":"$$EventMessageConfirm","confirm":"3b1e41f7-f391-4fc3-9b96-3ff869225b33","ts":"2026-04-19T14:44:21.398-04:00","source":{"id":"0","name":"eventBus"}}
{"__type":"$$EventMessageAudit","id":"3fdf4f73-d59a-4839-9c84-9a3b993d9bd2","ts":"2026-04-19T14:44:35.919-04:00","eventName":"n8n.audit.workflow.updated","message":"n8n.audit.workflow.updated","payload":{"userId":"4dd1a0ef-4a7e-4b51-9ef9-85be6f214fac","_email":"benbassou.hajar@gmail.com","_firstName":"hajar","_lastName":"benbassou","globalRole":"global:owner","workflowId":"vKe5coF7o7hhVZy1","workflowName":"My workflow"}}
{"__type":"$$EventMessageConfirm","confirm":"3fdf4f73-d59a-4839-9c84-9a3b993d9bd2","ts":"2026-04-19T14:44:35.920-04:00","source":{"id":"0","name":"eventBus"}}
{"__type":"$$EventMessageAudit","id":"e3f2228c-5e12-4e63-8a00-3713a2726b37","ts":"2026-04-19T14:46:14.118-04:00","eventName":"n8n.audit.workflow.executed","message":"n8n.audit.workflow.executed","payload":{"userId":"4dd1a0ef-4a7e-4b51-9ef9-85be6f214fac","_email":"benbassou.hajar@gmail.com","_firstName":"hajar","_lastName":"benbassou","globalRole":"global:owner","workflowId":"vKe5coF7o7hhVZy1","workflowName":"My workflow","executionId":"10","source":"user-manual"}}
{"__type":"$$EventMessageConfirm","confirm":"e3f2228c-5e12-4e63-8a00-3713a2726b37","ts":"2026-04-19T14:46:14.118-04:00","source":{"id":"0","name":"eventBus"}}
{"__type":"$$EventMessageWorkflow","id":"15ddf554-6366-481b-8020-f6cfea84c889","ts":"2026-04-19T14:46:14.118-04:00","eventName":"n8n.workflow.started","message":"n8n.workflow.started","payload":{"executionId":"10","workflowId":"vKe5coF7o7hhVZy1","isManual":false,"mode":"manual","workflowName":"My workflow"}}
{"__type":"$$EventMessageConfirm","confirm":"15ddf554-6366-481b-8020-f6cfea84c889","ts":"2026-04-19T14:46:14.118-04:00","source":{"id":"0","name":"eventBus"}}
{"__type":"$$EventMessageNode","id":"747b444f-4a83-41e5-9349-526399e8f48e","ts":"2026-04-19T14:46:14.123-04:00","eventName":"n8n.node.started","message":"n8n.node.started","payload":{"workflowId":"vKe5coF7o7hhVZy1","workflowName":"My workflow","executionId":"10","nodeType":"n8n-nodes-base.httpRequest","nodeName":"HTTP Request","nodeId":"b62a50da-803d-4904-8b8b-fa0d48951b9b"}}
{"__type":"$$EventMessageConfirm","confirm":"747b444f-4a83-41e5-9349-526399e8f48e","ts":"2026-04-19T14:46:14.123-04:00","source":{"id":"0","name":"eventBus"}}
{"__type":"$$EventMessageNode","id":"6d868b8c-c0b4-437d-b980-aea364d406c8","ts":"2026-04-19T14:46:14.300-04:00","eventName":"n8n.node.finished","message":"n8n.node.finished","payload":{"workflowId":"vKe5coF7o7hhVZy1","workflowName":"My workflow","executionId":"10","nodeType":"n8n-nodes-base.httpRequest","nodeName":"HTTP Request","nodeId":"b62a50da-803d-4904-8b8b-fa0d48951b9b"}}
{"__type":"$$EventMessageConfirm","confirm":"6d868b8c-c0b4-437d-b980-aea364d406c8","ts":"2026-04-19T14:46:14.301-04:00","source":{"id":"0","name":"eventBus"}}
{"__type":"$$EventMessageWorkflow","id":"e034aa0e-def6-43cc-964b-1098bad23dbd","ts":"2026-04-19T14:46:14.305-04:00","eventName":"n8n.workflow.failed","message":"n8n.workflow.failed","payload":{"userId":"4dd1a0ef-4a7e-4b51-9ef9-85be6f214fac","executionId":"10","success":false,"isManual":true,"mode":"manual","workflowId":"vKe5coF7o7hhVZy1","workflowName":"My workflow","lastNodeExecuted":"HTTP Request","errorNodeType":"n8n-nodes-base.httpRequest","errorMessage":"The connection cannot be established, this usually occurs due to an incorrect host (domain) value"}}
{"__type":"$$EventMessageConfirm","confirm":"e034aa0e-def6-43cc-964b-1098bad23dbd","ts":"2026-04-19T14:46:14.305-04:00","source":{"id":"0","name":"eventBus"}}
{"__type":"$$EventMessageAudit","id":"dff3ed31-4390-4f40-b5ff-fd457fe75ca4","ts":"2026-04-19T14:46:58.294-04:00","eventName":"n8n.audit.workflow.updated","message":"n8n.audit.workflow.updated","payload":{"userId":"4dd1a0ef-4a7e-4b51-9ef9-85be6f214fac","_email":"benbassou.hajar@gmail.com","_firstName":"hajar","_lastName":"benbassou","globalRole":"global:owner","workflowId":"vKe5coF7o7hhVZy1","workflowName":"My workflow"}}
{"__type":"$$EventMessageConfirm","confirm":"dff3ed31-4390-4f40-b5ff-fd457fe75ca4","ts":"2026-04-19T14:46:58.295-04:00","source":{"id":"0","name":"eventBus"}}
{"__type":"$$EventMessageAudit","id":"ef9b010c-71db-4d50-9b97-2d3d2248d3a7","ts":"2026-04-19T14:46:58.526-04:00","eventName":"n8n.audit.workflow.executed","message":"n8n.audit.workflow.executed","payload":{"userId":"4dd1a0ef-4a7e-4b51-9ef9-85be6f214fac","_email":"benbassou.hajar@gmail.com","_firstName":"hajar","_lastName":"benbassou","globalRole":"global:owner","workflowId":"vKe5coF7o7hhVZy1","workflowName":"My workflow","executionId":"11","source":"user-manual"}}
{"__type":"$$EventMessageConfirm","confirm":"ef9b010c-71db-4d50-9b97-2d3d2248d3a7","ts":"2026-04-19T14:46:58.526-04:00","source":{"id":"0","name":"eventBus"}}
{"__type":"$$EventMessageWorkflow","id":"7da96e14-111f-4f91-96a5-f059ba751564","ts":"2026-04-19T14:46:58.526-04:00","eventName":"n8n.workflow.started","message":"n8n.workflow.started","payload":{"executionId":"11","workflowId":"vKe5coF7o7hhVZy1","isManual":false,"mode":"manual","workflowName":"My workflow"}}
{"__type":"$$EventMessageConfirm","confirm":"7da96e14-111f-4f91-96a5-f059ba751564","ts":"2026-04-19T14:46:58.526-04:00","source":{"id":"0","name":"eventBus"}}
{"__type":"$$EventMessageNode","id":"90613bbc-cebd-42e8-b562-f530cdf8c794","ts":"2026-04-19T14:46:58.531-04:00","eventName":"n8n.node.started","message":"n8n.node.started","payload":{"workflowId":"vKe5coF7o7hhVZy1","workflowName":"My workflow","executionId":"11","nodeType":"n8n-nodes-base.httpRequest","nodeName":"HTTP Request","nodeId":"b62a50da-803d-4904-8b8b-fa0d48951b9b"}}
{"__type":"$$EventMessageConfirm","confirm":"90613bbc-cebd-42e8-b562-f530cdf8c794","ts":"2026-04-19T14:46:58.531-04:00","source":{"id":"0","name":"eventBus"}}
{"__type":"$$EventMessageNode","id":"80108fea-f6b5-4846-9af2-0724f9190e06","ts":"2026-04-19T14:46:58.536-04:00","eventName":"n8n.node.finished","message":"n8n.node.finished","payload":{"workflowId":"vKe5coF7o7hhVZy1","workflowName":"My workflow","executionId":"11","nodeType":"n8n-nodes-base.httpRequest","nodeName":"HTTP Request","nodeId":"b62a50da-803d-4904-8b8b-fa0d48951b9b"}}
{"__type":"$$EventMessageConfirm","confirm":"80108fea-f6b5-4846-9af2-0724f9190e06","ts":"2026-04-19T14:46:58.536-04:00","source":{"id":"0","name":"eventBus"}}
{"__type":"$$EventMessageWorkflow","id":"9e87a537-4543-4c14-9c05-7baea4f16839","ts":"2026-04-19T14:46:58.538-04:00","eventName":"n8n.workflow.failed","message":"n8n.workflow.failed","payload":{"userId":"4dd1a0ef-4a7e-4b51-9ef9-85be6f214fac","executionId":"11","success":false,"isManual":true,"mode":"manual","workflowId":"vKe5coF7o7hhVZy1","workflowName":"My workflow","lastNodeExecuted":"HTTP Request","errorNodeType":"n8n-nodes-base.httpRequest","errorMessage":"The connection to the server was closed unexpectedly, perhaps it is offline. You can retry the request immediately or wait and retry later."}}
{"__type":"$$EventMessageConfirm","confirm":"9e87a537-4543-4c14-9c05-7baea4f16839","ts":"2026-04-19T14:46:58.538-04:00","source":{"id":"0","name":"eventBus"}}
{"__type":"$$EventMessageAudit","id":"9bbf8090-ee64-4cec-a0bb-c9034a52bc0b","ts":"2026-04-19T14:47:06.498-04:00","eventName":"n8n.audit.workflow.executed","message":"n8n.audit.workflow.executed","payload":{"userId":"4dd1a0ef-4a7e-4b51-9ef9-85be6f214fac","_email":"benbassou.hajar@gmail.com","_firstName":"hajar","_lastName":"benbassou","globalRole":"global:owner","workflowId":"vKe5coF7o7hhVZy1","workflowName":"My workflow","executionId":"12","source":"user-manual"}}
{"__type":"$$EventMessageConfirm","confirm":"9bbf8090-ee64-4cec-a0bb-c9034a52bc0b","ts":"2026-04-19T14:47:06.498-04:00","source":{"id":"0","name":"eventBus"}}
{"__type":"$$EventMessageWorkflow","id":"fbf768ca-83d6-441b-9976-9184b4edf289","ts":"2026-04-19T14:47:06.498-04:00","eventName":"n8n.workflow.started","message":"n8n.workflow.started","payload":{"executionId":"12","workflowId":"vKe5coF7o7hhVZy1","isManual":false,"mode":"manual","workflowName":"My workflow"}}
{"__type":"$$EventMessageConfirm","confirm":"fbf768ca-83d6-441b-9976-9184b4edf289","ts":"2026-04-19T14:47:06.498-04:00","source":{"id":"0","name":"eventBus"}}
{"__type":"$$EventMessageNode","id":"b55e29ab-fe7f-4db2-a5d8-8217dbd6f3ad","ts":"2026-04-19T14:47:06.506-04:00","eventName":"n8n.node.started","message":"n8n.node.started","payload":{"workflowId":"vKe5coF7o7hhVZy1","workflowName":"My workflow","executionId":"12","nodeType":"n8n-nodes-base.httpRequest","nodeName":"HTTP Request","nodeId":"b62a50da-803d-4904-8b8b-fa0d48951b9b"}}
{"__type":"$$EventMessageConfirm","confirm":"b55e29ab-fe7f-4db2-a5d8-8217dbd6f3ad","ts":"2026-04-19T14:47:06.506-04:00","source":{"id":"0","name":"eventBus"}}
{"__type":"$$EventMessageNode","id":"43ffdceb-fbe5-4741-bb1e-773ef2dfe84d","ts":"2026-04-19T14:47:06.512-04:00","eventName":"n8n.node.finished","message":"n8n.node.finished","payload":{"workflowId":"vKe5coF7o7hhVZy1","workflowName":"My workflow","executionId":"12","nodeType":"n8n-nodes-base.httpRequest","nodeName":"HTTP Request","nodeId":"b62a50da-803d-4904-8b8b-fa0d48951b9b"}}
{"__type":"$$EventMessageConfirm","confirm":"43ffdceb-fbe5-4741-bb1e-773ef2dfe84d","ts":"2026-04-19T14:47:06.512-04:00","source":{"id":"0","name":"eventBus"}}
{"__type":"$$EventMessageWorkflow","id":"3803c490-ca4a-48e8-8eef-1fc385839956","ts":"2026-04-19T14:47:06.515-04:00","eventName":"n8n.workflow.failed","message":"n8n.workflow.failed","payload":{"userId":"4dd1a0ef-4a7e-4b51-9ef9-85be6f214fac","executionId":"12","success":false,"isManual":true,"mode":"manual","workflowId":"vKe5coF7o7hhVZy1","workflowName":"My workflow","lastNodeExecuted":"HTTP Request","errorNodeType":"n8n-nodes-base.httpRequest","errorMessage":"The connection to the server was closed unexpectedly, perhaps it is offline. You can retry the request immediately or wait and retry later."}}
{"__type":"$$EventMessageConfirm","confirm":"3803c490-ca4a-48e8-8eef-1fc385839956","ts":"2026-04-19T14:47:06.515-04:00","source":{"id":"0","name":"eventBus"}}
